<?xml version="1.0" encoding="UTF-8"?>
<testsuite name="com.shop.service.ItemServiceTest" tests="1" skipped="0" failures="0" errors="0" timestamp="2021-10-19T14:50:02" hostname="JUNGINBAEK" time="0.387">
  <properties/>
  <testcase name="상품 등록 테스트" classname="com.shop.service.ItemServiceTest" time="0.387"/>
  <system-out><![CDATA[23:49:55.293 [Test worker] DEBUG org.springframework.test.context.BootstrapUtils - Instantiating CacheAwareContextLoaderDelegate from class [org.springframework.test.context.cache.DefaultCacheAwareContextLoaderDelegate]
23:49:55.322 [Test worker] DEBUG org.springframework.test.context.BootstrapUtils - Instantiating BootstrapContext using constructor [public org.springframework.test.context.support.DefaultBootstrapContext(java.lang.Class,org.springframework.test.context.CacheAwareContextLoaderDelegate)]
23:49:55.355 [Test worker] DEBUG org.springframework.test.context.BootstrapUtils - Instantiating TestContextBootstrapper for test class [com.shop.service.ItemServiceTest] from class [org.springframework.boot.test.context.SpringBootTestContextBootstrapper]
23:49:55.368 [Test worker] INFO org.springframework.boot.test.context.SpringBootTestContextBootstrapper - Neither @ContextConfiguration nor @ContextHierarchy found for test class [com.shop.service.ItemServiceTest], using SpringBootContextLoader
23:49:55.372 [Test worker] DEBUG org.springframework.test.context.support.AbstractContextLoader - Did not detect default resource location for test class [com.shop.service.ItemServiceTest]: class path resource [com/shop/service/ItemServiceTest-context.xml] does not exist
23:49:55.373 [Test worker] DEBUG org.springframework.test.context.support.AbstractContextLoader - Did not detect default resource location for test class [com.shop.service.ItemServiceTest]: class path resource [com/shop/service/ItemServiceTestContext.groovy] does not exist
23:49:55.373 [Test worker] INFO org.springframework.test.context.support.AbstractContextLoader - Could not detect default resource locations for test class [com.shop.service.ItemServiceTest]: no resource found for suffixes {-context.xml, Context.groovy}.
23:49:55.374 [Test worker] INFO org.springframework.test.context.support.AnnotationConfigContextLoaderUtils - Could not detect default configuration classes for test class [com.shop.service.ItemServiceTest]: ItemServiceTest does not declare any static, non-private, non-final, nested classes annotated with @Configuration.
23:49:55.422 [Test worker] DEBUG org.springframework.test.context.support.ActiveProfilesUtils - Could not find an 'annotation declaring class' for annotation type [org.springframework.test.context.ActiveProfiles] and class [com.shop.service.ItemServiceTest]
23:49:55.486 [Test worker] DEBUG org.springframework.context.annotation.ClassPathScanningCandidateComponentProvider - Identified candidate component class: file [C:\Users\bji15\IdeaProjects\shop\build\classes\java\main\com\shop\ShopApplication.class]
23:49:55.488 [Test worker] INFO org.springframework.boot.test.context.SpringBootTestContextBootstrapper - Found @SpringBootConfiguration com.shop.ShopApplication for test class com.shop.service.ItemServiceTest
23:49:55.608 [Test worker] DEBUG org.springframework.boot.test.context.SpringBootTestContextBootstrapper - @TestExecutionListeners is not present for class [com.shop.service.ItemServiceTest]: using defaults.
23:49:55.609 [Test worker] INFO org.springframework.boot.test.context.SpringBootTestContextBootstrapper - Loaded default TestExecutionListener class names from location [META-INF/spring.factories]: [org.springframework.security.test.context.support.WithSecurityContextTestExecutionListener, org.springframework.security.test.context.support.ReactorContextTestExecutionListener, org.springframework.test.context.web.ServletTestExecutionListener, org.springframework.test.context.support.DirtiesContextBeforeModesTestExecutionListener, org.springframework.test.context.event.ApplicationEventsTestExecutionListener, org.springframework.test.context.support.DependencyInjectionTestExecutionListener, org.springframework.test.context.support.DirtiesContextTestExecutionListener, org.springframework.test.context.transaction.TransactionalTestExecutionListener, org.springframework.test.context.jdbc.SqlScriptsTestExecutionListener, org.springframework.test.context.event.EventPublishingTestExecutionListener, org.springframework.boot.test.autoconfigure.restdocs.RestDocsTestExecutionListener, org.springframework.boot.test.autoconfigure.web.client.MockRestServiceServerResetTestExecutionListener, org.springframework.boot.test.autoconfigure.web.servlet.MockMvcPrintOnlyOnFailureTestExecutionListener, org.springframework.boot.test.autoconfigure.web.servlet.WebDriverTestExecutionListener, org.springframework.boot.test.autoconfigure.webservices.client.MockWebServiceServerTestExecutionListener, org.springframework.boot.test.mock.mockito.MockitoTestExecutionListener, org.springframework.boot.test.mock.mockito.ResetMocksTestExecutionListener]
23:49:55.637 [Test worker] INFO org.springframework.boot.test.context.SpringBootTestContextBootstrapper - Using TestExecutionListeners: [org.springframework.test.context.web.ServletTestExecutionListener@74d7184a, org.springframework.test.context.support.DirtiesContextBeforeModesTestExecutionListener@51b01960, org.springframework.test.context.event.ApplicationEventsTestExecutionListener@6831d8fd, org.springframework.boot.test.mock.mockito.MockitoTestExecutionListener@27dc79f7, org.springframework.boot.test.autoconfigure.SpringBootDependencyInjectionTestExecutionListener@6b85300e, org.springframework.test.context.support.DirtiesContextTestExecutionListener@3aaf4f07, org.springframework.test.context.transaction.TransactionalTestExecutionListener@5cbf9e9f, org.springframework.test.context.jdbc.SqlScriptsTestExecutionListener@18e8473e, org.springframework.security.test.context.support.WithSecurityContextTestExecutionListener@5a2f016d, org.springframework.test.context.event.EventPublishingTestExecutionListener@1a38ba58, org.springframework.security.test.context.support.ReactorContextTestExecutionListener@3ad394e6, org.springframework.boot.test.autoconfigure.restdocs.RestDocsTestExecutionListener@6058e535, org.springframework.boot.test.autoconfigure.web.client.MockRestServiceServerResetTestExecutionListener@42deb43a, org.springframework.boot.test.autoconfigure.web.servlet.MockMvcPrintOnlyOnFailureTestExecutionListener@1deb2c43, org.springframework.boot.test.autoconfigure.web.servlet.WebDriverTestExecutionListener@3bb9efbc, org.springframework.boot.test.autoconfigure.webservices.client.MockWebServiceServerTestExecutionListener@1cefc4b3, org.springframework.boot.test.mock.mockito.ResetMocksTestExecutionListener@2b27cc70]
23:49:55.642 [Test worker] DEBUG org.springframework.test.context.support.AbstractDirtiesContextTestExecutionListener - Before test class: context [DefaultTestContext@7692cd34 testClass = ItemServiceTest, testInstance = [null], testMethod = [null], testException = [null], mergedContextConfiguration = [WebMergedContextConfiguration@33aa93c testClass = ItemServiceTest, locations = '{}', classes = '{class com.shop.ShopApplication}', contextInitializerClasses = '[]', activeProfiles = '{}', propertySourceLocations = '{classpath:application-test.properties}', propertySourceProperties = '{org.springframework.boot.test.context.SpringBootTestContextBootstrapper=true}', contextCustomizers = set[org.springframework.boot.test.autoconfigure.actuate.metrics.MetricsExportContextCustomizerFactory$DisableMetricExportContextCustomizer@10993713, org.springframework.boot.test.autoconfigure.properties.PropertyMappingContextCustomizer@0, org.springframework.boot.test.autoconfigure.web.servlet.WebDriverContextCustomizerFactory$Customizer@60dce7ea, org.springframework.boot.test.context.filter.ExcludeFilterContextCustomizer@1ef3efa8, org.springframework.boot.test.json.DuplicateJsonObjectContextCustomizerFactory$DuplicateJsonObjectContextCustomizer@75c9e76b, org.springframework.boot.test.mock.mockito.MockitoContextCustomizer@0, org.springframework.boot.test.web.client.TestRestTemplateContextCustomizer@7a791b66, org.springframework.boot.test.context.SpringBootTestArgs@1, org.springframework.boot.test.context.SpringBootTestWebEnvironment@6aa8e115], resourceBasePath = 'src/main/webapp', contextLoader = 'org.springframework.boot.test.context.SpringBootContextLoader', parent = [null]], attributes = map['org.springframework.test.context.web.ServletTestExecutionListener.activateListener' -> true]], class annotated with @DirtiesContext [false] with mode [null].
23:49:55.684 [Test worker] DEBUG org.springframework.test.context.support.TestPropertySourceUtils - Adding inlined properties to environment: {spring.jmx.enabled=false, org.springframework.boot.test.context.SpringBootTestContextBootstrapper=true}

  .   ____          _            __ _ _
 /\\ / ___'_ __ _ _(_)_ __  __ _ \ \ \ \
( ( )\___ | '_ | '_| | '_ \/ _` | \ \ \ \
 \\/  ___)| |_)| | | | | || (_| |  ) ) ) )
  '  |____| .__|_| |_|_| |_\__, | / / / /
 =========|_|==============|___/=/_/_/_/
 :: Spring Boot ::                (v2.5.5)

2021-10-19 23:49:56.044  INFO 9968 --- [    Test worker] com.shop.service.ItemServiceTest         : Starting ItemServiceTest using Java 11.0.12 on JungInBaek with PID 9968 (started by bji15 in C:\Users\bji15\IdeaProjects\shop)
2021-10-19 23:49:56.045  INFO 9968 --- [    Test worker] com.shop.service.ItemServiceTest         : The following profiles are active: datasource
2021-10-19 23:49:57.153  INFO 9968 --- [    Test worker] .s.d.r.c.RepositoryConfigurationDelegate : Bootstrapping Spring Data JPA repositories in DEFAULT mode.
2021-10-19 23:49:57.253  INFO 9968 --- [    Test worker] .s.d.r.c.RepositoryConfigurationDelegate : Finished Spring Data repository scanning in 91 ms. Found 6 JPA repository interfaces.
2021-10-19 23:49:57.842  INFO 9968 --- [    Test worker] o.hibernate.jpa.internal.util.LogHelper  : HHH000204: Processing PersistenceUnitInfo [name: default]
2021-10-19 23:49:57.907  INFO 9968 --- [    Test worker] org.hibernate.Version                    : HHH000412: Hibernate ORM core version 5.4.32.Final
2021-10-19 23:49:58.067  INFO 9968 --- [    Test worker] o.hibernate.annotations.common.Version   : HCANN000001: Hibernate Commons Annotations {5.1.2.Final}
2021-10-19 23:49:58.199  INFO 9968 --- [    Test worker] com.zaxxer.hikari.HikariDataSource       : HikariPool-1 - Starting...
2021-10-19 23:49:58.425  INFO 9968 --- [    Test worker] com.zaxxer.hikari.HikariDataSource       : HikariPool-1 - Start completed.
2021-10-19 23:49:58.446  INFO 9968 --- [    Test worker] org.hibernate.dialect.Dialect            : HHH000400: Using dialect: org.hibernate.dialect.H2Dialect
Hibernate: 
    
    drop table if exists cart CASCADE 
Hibernate: 
    
    drop table if exists cart_item CASCADE 
Hibernate: 
    
    drop table if exists item CASCADE 
Hibernate: 
    
    drop table if exists item_img CASCADE 
Hibernate: 
    
    drop table if exists member CASCADE 
Hibernate: 
    
    drop table if exists order_item CASCADE 
Hibernate: 
    
    drop table if exists orders CASCADE 
Hibernate: 
    
    drop sequence if exists hibernate_sequence
Hibernate: create sequence hibernate_sequence start with 1 increment by 1
Hibernate: 
    
    create table cart (
       cart_id bigint not null,
        reg_time timestamp,
        update_time timestamp,
        create_by varchar(255),
        modified_by varchar(255),
        member_id bigint,
        primary key (cart_id)
    )
Hibernate: 
    
    create table cart_item (
       cart_item_id bigint not null,
        reg_time timestamp,
        update_time timestamp,
        create_by varchar(255),
        modified_by varchar(255),
        count integer not null,
        cart_id bigint,
        item_id bigint,
        primary key (cart_item_id)
    )
Hibernate: 
    
    create table item (
       item_id bigint not null,
        reg_time timestamp,
        update_time timestamp,
        create_by varchar(255),
        modified_by varchar(255),
        item_detail clob not null,
        item_name varchar(50) not null,
        item_sell_status varchar(255),
        price integer not null,
        stock_number integer not null,
        primary key (item_id)
    )
Hibernate: 
    
    create table item_img (
       item_img_id bigint not null,
        reg_time timestamp,
        update_time timestamp,
        create_by varchar(255),
        modified_by varchar(255),
        img_name varchar(255),
        img_url varchar(255),
        ori_img_name varchar(255),
        rep_img_yn varchar(255),
        item_id bigint,
        primary key (item_img_id)
    )
Hibernate: 
    
    create table member (
       member_id bigint not null,
        reg_time timestamp,
        update_time timestamp,
        create_by varchar(255),
        modified_by varchar(255),
        address varchar(255),
        email varchar(255),
        name varchar(255),
        password varchar(255),
        role varchar(255),
        primary key (member_id)
    )
Hibernate: 
    
    create table order_item (
       order_item_id bigint not null,
        reg_time timestamp,
        update_time timestamp,
        create_by varchar(255),
        modified_by varchar(255),
        count integer not null,
        order_price integer not null,
        item_id bigint,
        order_id bigint,
        primary key (order_item_id)
    )
Hibernate: 
    
    create table orders (
       order_id bigint not null,
        reg_time timestamp,
        update_time timestamp,
        create_by varchar(255),
        modified_by varchar(255),
        order_date timestamp,
        order_status varchar(255),
        member_id bigint,
        primary key (order_id)
    )
Hibernate: 
    
    alter table member 
       add constraint UK_mbmcqelty0fbrvxp1q58dn57t unique (email)
Hibernate: 
    
    alter table cart 
       add constraint FKix170nytunweovf2v9137mx2o 
       foreign key (member_id) 
       references member
Hibernate: 
    
    alter table cart_item 
       add constraint FK1uobyhgl1wvgt1jpccia8xxs3 
       foreign key (cart_id) 
       references cart
Hibernate: 
    
    alter table cart_item 
       add constraint FKdljf497fwm1f8eb1h8t6n50u9 
       foreign key (item_id) 
       references item
Hibernate: 
    
    alter table item_img 
       add constraint FKdd5u08y3ap4c46ayrqjf8g88m 
       foreign key (item_id) 
       references item
Hibernate: 
    
    alter table order_item 
       add constraint FKija6hjjiit8dprnmvtvgdp6ru 
       foreign key (item_id) 
       references item
Hibernate: 
    
    alter table order_item 
       add constraint FKt4dc2r9nbvbujrljv3e23iibt 
       foreign key (order_id) 
       references orders
Hibernate: 
    
    alter table orders 
       add constraint FKpktxwhj3x9m4gth5ff6bkqgeb 
       foreign key (member_id) 
       references member
2021-10-19 23:49:59.490  INFO 9968 --- [    Test worker] o.h.e.t.j.p.i.JtaPlatformInitiator       : HHH000490: Using JtaPlatform implementation: [org.hibernate.engine.transaction.jta.platform.internal.NoJtaPlatform]
2021-10-19 23:49:59.502  INFO 9968 --- [    Test worker] j.LocalContainerEntityManagerFactoryBean : Initialized JPA EntityManagerFactory for persistence unit 'default'
2021-10-19 23:49:59.604  WARN 9968 --- [    Test worker] JpaBaseConfiguration$JpaWebConfiguration : spring.jpa.open-in-view is enabled by default. Therefore, database queries may be performed during view rendering. Explicitly configure spring.jpa.open-in-view to disable this warning
2021-10-19 23:50:00.669  INFO 9968 --- [    Test worker] o.s.b.a.h2.H2ConsoleAutoConfiguration    : H2 console available at '/h2-console'. Database available at 'jdbc:h2:mem:test'
2021-10-19 23:50:00.969  INFO 9968 --- [    Test worker] o.s.s.web.DefaultSecurityFilterChain     : Will secure Ant [pattern='/css/**'] with []
2021-10-19 23:50:00.969  INFO 9968 --- [    Test worker] o.s.s.web.DefaultSecurityFilterChain     : Will secure Ant [pattern='/js/**'] with []
2021-10-19 23:50:00.969  INFO 9968 --- [    Test worker] o.s.s.web.DefaultSecurityFilterChain     : Will secure Ant [pattern='/img/**'] with []
2021-10-19 23:50:01.096  INFO 9968 --- [    Test worker] o.s.s.web.DefaultSecurityFilterChain     : Will secure any request with [org.springframework.security.web.context.request.async.WebAsyncManagerIntegrationFilter@76e4df53, org.springframework.security.web.context.SecurityContextPersistenceFilter@c6a1be2, org.springframework.security.web.header.HeaderWriterFilter@1609ed55, org.springframework.security.web.csrf.CsrfFilter@11df0bc7, org.springframework.security.web.authentication.logout.LogoutFilter@18bab95b, org.springframework.security.web.authentication.UsernamePasswordAuthenticationFilter@1aa64998, org.springframework.security.web.savedrequest.RequestCacheAwareFilter@138110f8, org.springframework.security.web.servletapi.SecurityContextHolderAwareRequestFilter@3599b7e8, org.springframework.security.web.authentication.AnonymousAuthenticationFilter@569d6e0d, org.springframework.security.web.session.SessionManagementFilter@32db94fb, org.springframework.security.web.access.ExceptionTranslationFilter@5aff8207, org.springframework.security.web.access.intercept.FilterSecurityInterceptor@4101e146]
2021-10-19 23:50:01.968  INFO 9968 --- [    Test worker] com.shop.service.ItemServiceTest         : Started ItemServiceTest in 6.275 seconds (JVM running for 7.864)
2021-10-19 23:50:02.013  INFO 9968 --- [    Test worker] o.s.t.c.transaction.TransactionContext   : Began transaction (1) for test context [DefaultTestContext@7692cd34 testClass = ItemServiceTest, testInstance = com.shop.service.ItemServiceTest@2c5e2a44, testMethod = saveItem@ItemServiceTest, testException = [null], mergedContextConfiguration = [WebMergedContextConfiguration@33aa93c testClass = ItemServiceTest, locations = '{}', classes = '{class com.shop.ShopApplication}', contextInitializerClasses = '[]', activeProfiles = '{}', propertySourceLocations = '{classpath:application-test.properties}', propertySourceProperties = '{org.springframework.boot.test.context.SpringBootTestContextBootstrapper=true}', contextCustomizers = set[org.springframework.boot.test.autoconfigure.actuate.metrics.MetricsExportContextCustomizerFactory$DisableMetricExportContextCustomizer@10993713, org.springframework.boot.test.autoconfigure.properties.PropertyMappingContextCustomizer@0, org.springframework.boot.test.autoconfigure.web.servlet.WebDriverContextCustomizerFactory$Customizer@60dce7ea, org.springframework.boot.test.context.filter.ExcludeFilterContextCustomizer@1ef3efa8, org.springframework.boot.test.json.DuplicateJsonObjectContextCustomizerFactory$DuplicateJsonObjectContextCustomizer@75c9e76b, org.springframework.boot.test.mock.mockito.MockitoContextCustomizer@0, org.springframework.boot.test.web.client.TestRestTemplateContextCustomizer@7a791b66, org.springframework.boot.test.context.SpringBootTestArgs@1, org.springframework.boot.test.context.SpringBootTestWebEnvironment@6aa8e115], resourceBasePath = 'src/main/webapp', contextLoader = 'org.springframework.boot.test.context.SpringBootContextLoader', parent = [null]], attributes = map['org.springframework.test.context.web.ServletTestExecutionListener.activateListener' -> true, 'org.springframework.test.context.web.ServletTestExecutionListener.populatedRequestContextHolder' -> true, 'org.springframework.test.context.web.ServletTestExecutionListener.resetRequestContextHolder' -> true, 'org.springframework.test.context.event.ApplicationEventsTestExecutionListener.recordApplicationEvents' -> false]]; transaction manager [org.springframework.orm.jpa.JpaTransactionManager@67629872]; rollback [true]
Hibernate: 
    call next value for hibernate_sequence
Hibernate: 
    call next value for hibernate_sequence
Hibernate: 
    call next value for hibernate_sequence
Hibernate: 
    call next value for hibernate_sequence
Hibernate: 
    call next value for hibernate_sequence
Hibernate: 
    call next value for hibernate_sequence
Hibernate: 
    insert 
    into
        item
        (reg_time, update_time, create_by, modified_by, item_detail, item_name, item_sell_status, price, stock_number, item_id) 
    values
        (?, ?, ?, ?, ?, ?, ?, ?, ?, ?)
2021-10-19 23:50:02.323 TRACE 9968 --- [    Test worker] o.h.type.descriptor.sql.BasicBinder      : binding parameter [1] as [TIMESTAMP] - [2021-10-19T23:50:02.239128300]
2021-10-19 23:50:02.329 TRACE 9968 --- [    Test worker] o.h.type.descriptor.sql.BasicBinder      : binding parameter [2] as [TIMESTAMP] - [2021-10-19T23:50:02.239128300]
2021-10-19 23:50:02.329 TRACE 9968 --- [    Test worker] o.h.type.descriptor.sql.BasicBinder      : binding parameter [3] as [VARCHAR] - [admin]
2021-10-19 23:50:02.329 TRACE 9968 --- [    Test worker] o.h.type.descriptor.sql.BasicBinder      : binding parameter [4] as [VARCHAR] - [admin]
2021-10-19 23:50:02.329 TRACE 9968 --- [    Test worker] o.h.type.descriptor.sql.BasicBinder      : binding parameter [5] as [CLOB] - [테스트 상품입니다.]
2021-10-19 23:50:02.332 TRACE 9968 --- [    Test worker] o.h.type.descriptor.sql.BasicBinder      : binding parameter [6] as [VARCHAR] - [테스트 상품]
2021-10-19 23:50:02.333 TRACE 9968 --- [    Test worker] o.h.type.descriptor.sql.BasicBinder      : binding parameter [7] as [VARCHAR] - [SELL]
2021-10-19 23:50:02.333 TRACE 9968 --- [    Test worker] o.h.type.descriptor.sql.BasicBinder      : binding parameter [8] as [INTEGER] - [1000]
2021-10-19 23:50:02.334 TRACE 9968 --- [    Test worker] o.h.type.descriptor.sql.BasicBinder      : binding parameter [9] as [INTEGER] - [100]
2021-10-19 23:50:02.334 TRACE 9968 --- [    Test worker] o.h.type.descriptor.sql.BasicBinder      : binding parameter [10] as [BIGINT] - [1]
Hibernate: 
    insert 
    into
        item_img
        (reg_time, update_time, create_by, modified_by, img_name, img_url, item_id, ori_img_name, rep_img_yn, item_img_id) 
    values
        (?, ?, ?, ?, ?, ?, ?, ?, ?, ?)
2021-10-19 23:50:02.337 TRACE 9968 --- [    Test worker] o.h.type.descriptor.sql.BasicBinder      : binding parameter [1] as [TIMESTAMP] - [2021-10-19T23:50:02.280164800]
2021-10-19 23:50:02.337 TRACE 9968 --- [    Test worker] o.h.type.descriptor.sql.BasicBinder      : binding parameter [2] as [TIMESTAMP] - [2021-10-19T23:50:02.280164800]
2021-10-19 23:50:02.338 TRACE 9968 --- [    Test worker] o.h.type.descriptor.sql.BasicBinder      : binding parameter [3] as [VARCHAR] - [admin]
2021-10-19 23:50:02.338 TRACE 9968 --- [    Test worker] o.h.type.descriptor.sql.BasicBinder      : binding parameter [4] as [VARCHAR] - [admin]
2021-10-19 23:50:02.338 TRACE 9968 --- [    Test worker] o.h.type.descriptor.sql.BasicBinder      : binding parameter [5] as [VARCHAR] - [de9f4547-6afc-40f7-9e0f-1a741b0ed2ae.jpg]
2021-10-19 23:50:02.338 TRACE 9968 --- [    Test worker] o.h.type.descriptor.sql.BasicBinder      : binding parameter [6] as [VARCHAR] - [/images/item/de9f4547-6afc-40f7-9e0f-1a741b0ed2ae.jpg]
2021-10-19 23:50:02.338 TRACE 9968 --- [    Test worker] o.h.type.descriptor.sql.BasicBinder      : binding parameter [7] as [BIGINT] - [1]
2021-10-19 23:50:02.338 TRACE 9968 --- [    Test worker] o.h.type.descriptor.sql.BasicBinder      : binding parameter [8] as [VARCHAR] - [image0.jpg]
2021-10-19 23:50:02.338 TRACE 9968 --- [    Test worker] o.h.type.descriptor.sql.BasicBinder      : binding parameter [9] as [VARCHAR] - [Y]
2021-10-19 23:50:02.338 TRACE 9968 --- [    Test worker] o.h.type.descriptor.sql.BasicBinder      : binding parameter [10] as [BIGINT] - [2]
Hibernate: 
    insert 
    into
        item_img
        (reg_time, update_time, create_by, modified_by, img_name, img_url, item_id, ori_img_name, rep_img_yn, item_img_id) 
    values
        (?, ?, ?, ?, ?, ?, ?, ?, ?, ?)
2021-10-19 23:50:02.339 TRACE 9968 --- [    Test worker] o.h.type.descriptor.sql.BasicBinder      : binding parameter [1] as [TIMESTAMP] - [2021-10-19T23:50:02.282167700]
2021-10-19 23:50:02.340 TRACE 9968 --- [    Test worker] o.h.type.descriptor.sql.BasicBinder      : binding parameter [2] as [TIMESTAMP] - [2021-10-19T23:50:02.282167700]
2021-10-19 23:50:02.340 TRACE 9968 --- [    Test worker] o.h.type.descriptor.sql.BasicBinder      : binding parameter [3] as [VARCHAR] - [admin]
2021-10-19 23:50:02.340 TRACE 9968 --- [    Test worker] o.h.type.descriptor.sql.BasicBinder      : binding parameter [4] as [VARCHAR] - [admin]
2021-10-19 23:50:02.340 TRACE 9968 --- [    Test worker] o.h.type.descriptor.sql.BasicBinder      : binding parameter [5] as [VARCHAR] - [7d11f899-1deb-40d3-bfbf-bdf45f7df820.jpg]
2021-10-19 23:50:02.340 TRACE 9968 --- [    Test worker] o.h.type.descriptor.sql.BasicBinder      : binding parameter [6] as [VARCHAR] - [/images/item/7d11f899-1deb-40d3-bfbf-bdf45f7df820.jpg]
2021-10-19 23:50:02.340 TRACE 9968 --- [    Test worker] o.h.type.descriptor.sql.BasicBinder      : binding parameter [7] as [BIGINT] - [1]
2021-10-19 23:50:02.340 TRACE 9968 --- [    Test worker] o.h.type.descriptor.sql.BasicBinder      : binding parameter [8] as [VARCHAR] - [image1.jpg]
2021-10-19 23:50:02.340 TRACE 9968 --- [    Test worker] o.h.type.descriptor.sql.BasicBinder      : binding parameter [9] as [VARCHAR] - [N]
2021-10-19 23:50:02.341 TRACE 9968 --- [    Test worker] o.h.type.descriptor.sql.BasicBinder      : binding parameter [10] as [BIGINT] - [3]
Hibernate: 
    insert 
    into
        item_img
        (reg_time, update_time, create_by, modified_by, img_name, img_url, item_id, ori_img_name, rep_img_yn, item_img_id) 
    values
        (?, ?, ?, ?, ?, ?, ?, ?, ?, ?)
2021-10-19 23:50:02.341 TRACE 9968 --- [    Test worker] o.h.type.descriptor.sql.BasicBinder      : binding parameter [1] as [TIMESTAMP] - [2021-10-19T23:50:02.285170800]
2021-10-19 23:50:02.341 TRACE 9968 --- [    Test worker] o.h.type.descriptor.sql.BasicBinder      : binding parameter [2] as [TIMESTAMP] - [2021-10-19T23:50:02.285170800]
2021-10-19 23:50:02.342 TRACE 9968 --- [    Test worker] o.h.type.descriptor.sql.BasicBinder      : binding parameter [3] as [VARCHAR] - [admin]
2021-10-19 23:50:02.342 TRACE 9968 --- [    Test worker] o.h.type.descriptor.sql.BasicBinder      : binding parameter [4] as [VARCHAR] - [admin]
2021-10-19 23:50:02.342 TRACE 9968 --- [    Test worker] o.h.type.descriptor.sql.BasicBinder      : binding parameter [5] as [VARCHAR] - [2a8cd096-8b91-4998-8bd9-c824a2e04ac3.jpg]
2021-10-19 23:50:02.342 TRACE 9968 --- [    Test worker] o.h.type.descriptor.sql.BasicBinder      : binding parameter [6] as [VARCHAR] - [/images/item/2a8cd096-8b91-4998-8bd9-c824a2e04ac3.jpg]
2021-10-19 23:50:02.342 TRACE 9968 --- [    Test worker] o.h.type.descriptor.sql.BasicBinder      : binding parameter [7] as [BIGINT] - [1]
2021-10-19 23:50:02.342 TRACE 9968 --- [    Test worker] o.h.type.descriptor.sql.BasicBinder      : binding parameter [8] as [VARCHAR] - [image2.jpg]
2021-10-19 23:50:02.342 TRACE 9968 --- [    Test worker] o.h.type.descriptor.sql.BasicBinder      : binding parameter [9] as [VARCHAR] - [N]
2021-10-19 23:50:02.342 TRACE 9968 --- [    Test worker] o.h.type.descriptor.sql.BasicBinder      : binding parameter [10] as [BIGINT] - [4]
Hibernate: 
    insert 
    into
        item_img
        (reg_time, update_time, create_by, modified_by, img_name, img_url, item_id, ori_img_name, rep_img_yn, item_img_id) 
    values
        (?, ?, ?, ?, ?, ?, ?, ?, ?, ?)
2021-10-19 23:50:02.343 TRACE 9968 --- [    Test worker] o.h.type.descriptor.sql.BasicBinder      : binding parameter [1] as [TIMESTAMP] - [2021-10-19T23:50:02.286170900]
2021-10-19 23:50:02.344 TRACE 9968 --- [    Test worker] o.h.type.descriptor.sql.BasicBinder      : binding parameter [2] as [TIMESTAMP] - [2021-10-19T23:50:02.286170900]
2021-10-19 23:50:02.344 TRACE 9968 --- [    Test worker] o.h.type.descriptor.sql.BasicBinder      : binding parameter [3] as [VARCHAR] - [admin]
2021-10-19 23:50:02.344 TRACE 9968 --- [    Test worker] o.h.type.descriptor.sql.BasicBinder      : binding parameter [4] as [VARCHAR] - [admin]
2021-10-19 23:50:02.344 TRACE 9968 --- [    Test worker] o.h.type.descriptor.sql.BasicBinder      : binding parameter [5] as [VARCHAR] - [db5c165a-dab8-4055-b2cf-075e455aaed6.jpg]
2021-10-19 23:50:02.344 TRACE 9968 --- [    Test worker] o.h.type.descriptor.sql.BasicBinder      : binding parameter [6] as [VARCHAR] - [/images/item/db5c165a-dab8-4055-b2cf-075e455aaed6.jpg]
2021-10-19 23:50:02.345 TRACE 9968 --- [    Test worker] o.h.type.descriptor.sql.BasicBinder      : binding parameter [7] as [BIGINT] - [1]
2021-10-19 23:50:02.345 TRACE 9968 --- [    Test worker] o.h.type.descriptor.sql.BasicBinder      : binding parameter [8] as [VARCHAR] - [image3.jpg]
2021-10-19 23:50:02.345 TRACE 9968 --- [    Test worker] o.h.type.descriptor.sql.BasicBinder      : binding parameter [9] as [VARCHAR] - [N]
2021-10-19 23:50:02.345 TRACE 9968 --- [    Test worker] o.h.type.descriptor.sql.BasicBinder      : binding parameter [10] as [BIGINT] - [5]
Hibernate: 
    insert 
    into
        item_img
        (reg_time, update_time, create_by, modified_by, img_name, img_url, item_id, ori_img_name, rep_img_yn, item_img_id) 
    values
        (?, ?, ?, ?, ?, ?, ?, ?, ?, ?)
2021-10-19 23:50:02.346 TRACE 9968 --- [    Test worker] o.h.type.descriptor.sql.BasicBinder      : binding parameter [1] as [TIMESTAMP] - [2021-10-19T23:50:02.288172400]
2021-10-19 23:50:02.346 TRACE 9968 --- [    Test worker] o.h.type.descriptor.sql.BasicBinder      : binding parameter [2] as [TIMESTAMP] - [2021-10-19T23:50:02.288172400]
2021-10-19 23:50:02.346 TRACE 9968 --- [    Test worker] o.h.type.descriptor.sql.BasicBinder      : binding parameter [3] as [VARCHAR] - [admin]
2021-10-19 23:50:02.346 TRACE 9968 --- [    Test worker] o.h.type.descriptor.sql.BasicBinder      : binding parameter [4] as [VARCHAR] - [admin]
2021-10-19 23:50:02.346 TRACE 9968 --- [    Test worker] o.h.type.descriptor.sql.BasicBinder      : binding parameter [5] as [VARCHAR] - [b793b792-ac51-4844-9c54-ad48c6038944.jpg]
2021-10-19 23:50:02.346 TRACE 9968 --- [    Test worker] o.h.type.descriptor.sql.BasicBinder      : binding parameter [6] as [VARCHAR] - [/images/item/b793b792-ac51-4844-9c54-ad48c6038944.jpg]
2021-10-19 23:50:02.346 TRACE 9968 --- [    Test worker] o.h.type.descriptor.sql.BasicBinder      : binding parameter [7] as [BIGINT] - [1]
2021-10-19 23:50:02.346 TRACE 9968 --- [    Test worker] o.h.type.descriptor.sql.BasicBinder      : binding parameter [8] as [VARCHAR] - [image4.jpg]
2021-10-19 23:50:02.347 TRACE 9968 --- [    Test worker] o.h.type.descriptor.sql.BasicBinder      : binding parameter [9] as [VARCHAR] - [N]
2021-10-19 23:50:02.347 TRACE 9968 --- [    Test worker] o.h.type.descriptor.sql.BasicBinder      : binding parameter [10] as [BIGINT] - [6]
Hibernate: 
    select
        itemimg0_.item_img_id as item_img1_3_,
        itemimg0_.reg_time as reg_time2_3_,
        itemimg0_.update_time as update_t3_3_,
        itemimg0_.create_by as create_b4_3_,
        itemimg0_.modified_by as modified5_3_,
        itemimg0_.img_name as img_name6_3_,
        itemimg0_.img_url as img_url7_3_,
        itemimg0_.item_id as item_id10_3_,
        itemimg0_.ori_img_name as ori_img_8_3_,
        itemimg0_.rep_img_yn as rep_img_9_3_ 
    from
        item_img itemimg0_ 
    left outer join
        item item1_ 
            on itemimg0_.item_id=item1_.item_id 
    where
        item1_.item_id=? 
    order by
        itemimg0_.item_img_id asc
2021-10-19 23:50:02.352 TRACE 9968 --- [    Test worker] o.h.type.descriptor.sql.BasicBinder      : binding parameter [1] as [BIGINT] - [1]
2021-10-19 23:50:02.354 TRACE 9968 --- [    Test worker] o.h.type.descriptor.sql.BasicExtractor   : extracted value ([item_img1_3_] : [BIGINT]) - [2]
2021-10-19 23:50:02.354 TRACE 9968 --- [    Test worker] o.h.type.descriptor.sql.BasicExtractor   : extracted value ([item_img1_3_] : [BIGINT]) - [3]
2021-10-19 23:50:02.354 TRACE 9968 --- [    Test worker] o.h.type.descriptor.sql.BasicExtractor   : extracted value ([item_img1_3_] : [BIGINT]) - [4]
2021-10-19 23:50:02.354 TRACE 9968 --- [    Test worker] o.h.type.descriptor.sql.BasicExtractor   : extracted value ([item_img1_3_] : [BIGINT]) - [5]
2021-10-19 23:50:02.354 TRACE 9968 --- [    Test worker] o.h.type.descriptor.sql.BasicExtractor   : extracted value ([item_img1_3_] : [BIGINT]) - [6]
2021-10-19 23:50:02.382  INFO 9968 --- [    Test worker] o.s.t.c.transaction.TransactionContext   : Rolled back transaction for test: [DefaultTestContext@7692cd34 testClass = ItemServiceTest, testInstance = com.shop.service.ItemServiceTest@2c5e2a44, testMethod = saveItem@ItemServiceTest, testException = [null], mergedContextConfiguration = [WebMergedContextConfiguration@33aa93c testClass = ItemServiceTest, locations = '{}', classes = '{class com.shop.ShopApplication}', contextInitializerClasses = '[]', activeProfiles = '{}', propertySourceLocations = '{classpath:application-test.properties}', propertySourceProperties = '{org.springframework.boot.test.context.SpringBootTestContextBootstrapper=true}', contextCustomizers = set[org.springframework.boot.test.autoconfigure.actuate.metrics.MetricsExportContextCustomizerFactory$DisableMetricExportContextCustomizer@10993713, org.springframework.boot.test.autoconfigure.properties.PropertyMappingContextCustomizer@0, org.springframework.boot.test.autoconfigure.web.servlet.WebDriverContextCustomizerFactory$Customizer@60dce7ea, org.springframework.boot.test.context.filter.ExcludeFilterContextCustomizer@1ef3efa8, org.springframework.boot.test.json.DuplicateJsonObjectContextCustomizerFactory$DuplicateJsonObjectContextCustomizer@75c9e76b, org.springframework.boot.test.mock.mockito.MockitoContextCustomizer@0, org.springframework.boot.test.web.client.TestRestTemplateContextCustomizer@7a791b66, org.springframework.boot.test.context.SpringBootTestArgs@1, org.springframework.boot.test.context.SpringBootTestWebEnvironment@6aa8e115], resourceBasePath = 'src/main/webapp', contextLoader = 'org.springframework.boot.test.context.SpringBootContextLoader', parent = [null]], attributes = map['org.springframework.test.context.web.ServletTestExecutionListener.activateListener' -> true, 'org.springframework.test.context.web.ServletTestExecutionListener.populatedRequestContextHolder' -> true, 'org.springframework.test.context.web.ServletTestExecutionListener.resetRequestContextHolder' -> true, 'org.springframework.test.context.event.ApplicationEventsTestExecutionListener.recordApplicationEvents' -> false]]
]]></system-out>
  <system-err><![CDATA[]]></system-err>
</testsuite>
