<?xml version="1.0" encoding="UTF-8"?>
<testsuite name="com.shop.Repository.ItemRepositoryTest" tests="1" skipped="0" failures="0" errors="0" timestamp="2021-10-11T13:59:39" hostname="DESKTOP-AQMR6G6" time="0.37">
  <properties/>
  <testcase name="상품 Querydsl 조회 테스트 2" classname="com.shop.Repository.ItemRepositoryTest" time="0.37"/>
  <system-out><![CDATA[22:59:33.715 [Test worker] DEBUG org.springframework.test.context.BootstrapUtils - Instantiating CacheAwareContextLoaderDelegate from class [org.springframework.test.context.cache.DefaultCacheAwareContextLoaderDelegate]
22:59:33.731 [Test worker] DEBUG org.springframework.test.context.BootstrapUtils - Instantiating BootstrapContext using constructor [public org.springframework.test.context.support.DefaultBootstrapContext(java.lang.Class,org.springframework.test.context.CacheAwareContextLoaderDelegate)]
22:59:33.778 [Test worker] DEBUG org.springframework.test.context.BootstrapUtils - Instantiating TestContextBootstrapper for test class [com.shop.Repository.ItemRepositoryTest] from class [org.springframework.boot.test.context.SpringBootTestContextBootstrapper]
22:59:33.793 [Test worker] INFO org.springframework.boot.test.context.SpringBootTestContextBootstrapper - Neither @ContextConfiguration nor @ContextHierarchy found for test class [com.shop.Repository.ItemRepositoryTest], using SpringBootContextLoader
22:59:33.809 [Test worker] DEBUG org.springframework.test.context.support.AbstractContextLoader - Did not detect default resource location for test class [com.shop.Repository.ItemRepositoryTest]: class path resource [com/shop/Repository/ItemRepositoryTest-context.xml] does not exist
22:59:33.809 [Test worker] DEBUG org.springframework.test.context.support.AbstractContextLoader - Did not detect default resource location for test class [com.shop.Repository.ItemRepositoryTest]: class path resource [com/shop/Repository/ItemRepositoryTestContext.groovy] does not exist
22:59:33.809 [Test worker] INFO org.springframework.test.context.support.AbstractContextLoader - Could not detect default resource locations for test class [com.shop.Repository.ItemRepositoryTest]: no resource found for suffixes {-context.xml, Context.groovy}.
22:59:33.809 [Test worker] INFO org.springframework.test.context.support.AnnotationConfigContextLoaderUtils - Could not detect default configuration classes for test class [com.shop.Repository.ItemRepositoryTest]: ItemRepositoryTest does not declare any static, non-private, non-final, nested classes annotated with @Configuration.
22:59:33.887 [Test worker] DEBUG org.springframework.test.context.support.ActiveProfilesUtils - Could not find an 'annotation declaring class' for annotation type [org.springframework.test.context.ActiveProfiles] and class [com.shop.Repository.ItemRepositoryTest]
22:59:33.981 [Test worker] DEBUG org.springframework.context.annotation.ClassPathScanningCandidateComponentProvider - Identified candidate component class: file [C:\Users\bji15\IdeaProjects\shop\build\classes\java\main\com\shop\ShopApplication.class]
22:59:33.981 [Test worker] INFO org.springframework.boot.test.context.SpringBootTestContextBootstrapper - Found @SpringBootConfiguration com.shop.ShopApplication for test class com.shop.Repository.ItemRepositoryTest
22:59:34.137 [Test worker] DEBUG org.springframework.boot.test.context.SpringBootTestContextBootstrapper - @TestExecutionListeners is not present for class [com.shop.Repository.ItemRepositoryTest]: using defaults.
22:59:34.137 [Test worker] INFO org.springframework.boot.test.context.SpringBootTestContextBootstrapper - Loaded default TestExecutionListener class names from location [META-INF/spring.factories]: [org.springframework.boot.test.autoconfigure.restdocs.RestDocsTestExecutionListener, org.springframework.boot.test.autoconfigure.web.client.MockRestServiceServerResetTestExecutionListener, org.springframework.boot.test.autoconfigure.web.servlet.MockMvcPrintOnlyOnFailureTestExecutionListener, org.springframework.boot.test.autoconfigure.web.servlet.WebDriverTestExecutionListener, org.springframework.boot.test.autoconfigure.webservices.client.MockWebServiceServerTestExecutionListener, org.springframework.boot.test.mock.mockito.MockitoTestExecutionListener, org.springframework.boot.test.mock.mockito.ResetMocksTestExecutionListener, org.springframework.test.context.web.ServletTestExecutionListener, org.springframework.test.context.support.DirtiesContextBeforeModesTestExecutionListener, org.springframework.test.context.event.ApplicationEventsTestExecutionListener, org.springframework.test.context.support.DependencyInjectionTestExecutionListener, org.springframework.test.context.support.DirtiesContextTestExecutionListener, org.springframework.test.context.transaction.TransactionalTestExecutionListener, org.springframework.test.context.jdbc.SqlScriptsTestExecutionListener, org.springframework.test.context.event.EventPublishingTestExecutionListener]
22:59:34.168 [Test worker] INFO org.springframework.boot.test.context.SpringBootTestContextBootstrapper - Using TestExecutionListeners: [org.springframework.test.context.web.ServletTestExecutionListener@7bfc3126, org.springframework.test.context.support.DirtiesContextBeforeModesTestExecutionListener@3e792ce3, org.springframework.test.context.event.ApplicationEventsTestExecutionListener@53bc1328, org.springframework.boot.test.mock.mockito.MockitoTestExecutionListener@26f143ed, org.springframework.boot.test.autoconfigure.SpringBootDependencyInjectionTestExecutionListener@3c1e3314, org.springframework.test.context.support.DirtiesContextTestExecutionListener@4b770e40, org.springframework.test.context.transaction.TransactionalTestExecutionListener@78e16155, org.springframework.test.context.jdbc.SqlScriptsTestExecutionListener@54a3ab8f, org.springframework.test.context.event.EventPublishingTestExecutionListener@1968a49c, org.springframework.boot.test.autoconfigure.restdocs.RestDocsTestExecutionListener@6a1ebcff, org.springframework.boot.test.autoconfigure.web.client.MockRestServiceServerResetTestExecutionListener@19868320, org.springframework.boot.test.autoconfigure.web.servlet.MockMvcPrintOnlyOnFailureTestExecutionListener@50b0bc4c, org.springframework.boot.test.autoconfigure.web.servlet.WebDriverTestExecutionListener@c20be82, org.springframework.boot.test.autoconfigure.webservices.client.MockWebServiceServerTestExecutionListener@13c612bd, org.springframework.boot.test.mock.mockito.ResetMocksTestExecutionListener@3ef41c66]
22:59:34.168 [Test worker] DEBUG org.springframework.test.context.support.AbstractDirtiesContextTestExecutionListener - Before test class: context [DefaultTestContext@eadb475 testClass = ItemRepositoryTest, testInstance = [null], testMethod = [null], testException = [null], mergedContextConfiguration = [WebMergedContextConfiguration@4d4d48a6 testClass = ItemRepositoryTest, locations = '{}', classes = '{class com.shop.ShopApplication}', contextInitializerClasses = '[]', activeProfiles = '{}', propertySourceLocations = '{classpath:application-test.properties}', propertySourceProperties = '{org.springframework.boot.test.context.SpringBootTestContextBootstrapper=true}', contextCustomizers = set[org.springframework.boot.test.autoconfigure.actuate.metrics.MetricsExportContextCustomizerFactory$DisableMetricExportContextCustomizer@5b43fbf6, org.springframework.boot.test.autoconfigure.properties.PropertyMappingContextCustomizer@0, org.springframework.boot.test.autoconfigure.web.servlet.WebDriverContextCustomizerFactory$Customizer@749c877b, org.springframework.boot.test.context.filter.ExcludeFilterContextCustomizer@4a3329b9, org.springframework.boot.test.json.DuplicateJsonObjectContextCustomizerFactory$DuplicateJsonObjectContextCustomizer@12bfd80d, org.springframework.boot.test.mock.mockito.MockitoContextCustomizer@0, org.springframework.boot.test.web.client.TestRestTemplateContextCustomizer@60f7cc1d, org.springframework.boot.test.context.SpringBootTestArgs@1, org.springframework.boot.test.context.SpringBootTestWebEnvironment@3b5fad2d], resourceBasePath = 'src/main/webapp', contextLoader = 'org.springframework.boot.test.context.SpringBootContextLoader', parent = [null]], attributes = map['org.springframework.test.context.web.ServletTestExecutionListener.activateListener' -> true]], class annotated with @DirtiesContext [false] with mode [null].
22:59:34.217 [Test worker] DEBUG org.springframework.test.context.support.TestPropertySourceUtils - Adding inlined properties to environment: {spring.jmx.enabled=false, org.springframework.boot.test.context.SpringBootTestContextBootstrapper=true}

  .   ____          _            __ _ _
 /\\ / ___'_ __ _ _(_)_ __  __ _ \ \ \ \
( ( )\___ | '_ | '_| | '_ \/ _` | \ \ \ \
 \\/  ___)| |_)| | | | | || (_| |  ) ) ) )
  '  |____| .__|_| |_|_| |_\__, | / / / /
 =========|_|==============|___/=/_/_/_/
 :: Spring Boot ::                (v2.5.5)

2021-10-11 22:59:34.655  INFO 2016 --- [    Test worker] com.shop.Repository.ItemRepositoryTest   : Starting ItemRepositoryTest using Java 11.0.12 on DESKTOP-AQMR6G6 with PID 2016 (started by bji15 in C:\Users\bji15\IdeaProjects\shop)
2021-10-11 22:59:34.655  INFO 2016 --- [    Test worker] com.shop.Repository.ItemRepositoryTest   : The following profiles are active: datasource
2021-10-11 22:59:35.771  INFO 2016 --- [    Test worker] .s.d.r.c.RepositoryConfigurationDelegate : Bootstrapping Spring Data JPA repositories in DEFAULT mode.
2021-10-11 22:59:35.866  INFO 2016 --- [    Test worker] .s.d.r.c.RepositoryConfigurationDelegate : Finished Spring Data repository scanning in 74 ms. Found 1 JPA repository interfaces.
2021-10-11 22:59:36.583  INFO 2016 --- [    Test worker] o.hibernate.jpa.internal.util.LogHelper  : HHH000204: Processing PersistenceUnitInfo [name: default]
2021-10-11 22:59:36.648  INFO 2016 --- [    Test worker] org.hibernate.Version                    : HHH000412: Hibernate ORM core version 5.4.32.Final
2021-10-11 22:59:36.805  INFO 2016 --- [    Test worker] o.hibernate.annotations.common.Version   : HCANN000001: Hibernate Commons Annotations {5.1.2.Final}
2021-10-11 22:59:36.947  INFO 2016 --- [    Test worker] com.zaxxer.hikari.HikariDataSource       : HikariPool-1 - Starting...
2021-10-11 22:59:37.182  INFO 2016 --- [    Test worker] com.zaxxer.hikari.HikariDataSource       : HikariPool-1 - Start completed.
2021-10-11 22:59:37.198  INFO 2016 --- [    Test worker] org.hibernate.dialect.Dialect            : HHH000400: Using dialect: org.hibernate.dialect.H2Dialect
Hibernate: 
    
    drop table if exists item CASCADE 
Hibernate: 
    
    drop sequence if exists hibernate_sequence
Hibernate: create sequence hibernate_sequence start with 1 increment by 1
Hibernate: 
    
    create table item (
       item_id bigint not null,
        item_detail clob not null,
        item_name varchar(50) not null,
        item_sell_status varchar(255),
        price integer not null,
        reg_date timestamp,
        stock_number integer not null,
        update_date timestamp,
        primary key (item_id)
    )
2021-10-11 22:59:37.979  INFO 2016 --- [    Test worker] o.h.e.t.j.p.i.JtaPlatformInitiator       : HHH000490: Using JtaPlatform implementation: [org.hibernate.engine.transaction.jta.platform.internal.NoJtaPlatform]
2021-10-11 22:59:37.995  INFO 2016 --- [    Test worker] j.LocalContainerEntityManagerFactoryBean : Initialized JPA EntityManagerFactory for persistence unit 'default'
2021-10-11 22:59:38.260  WARN 2016 --- [    Test worker] JpaBaseConfiguration$JpaWebConfiguration : spring.jpa.open-in-view is enabled by default. Therefore, database queries may be performed during view rendering. Explicitly configure spring.jpa.open-in-view to disable this warning
2021-10-11 22:59:39.296  INFO 2016 --- [    Test worker] o.s.b.a.h2.H2ConsoleAutoConfiguration    : H2 console available at '/h2-console'. Database available at 'jdbc:h2:mem:test'
2021-10-11 22:59:39.755  INFO 2016 --- [    Test worker] com.shop.Repository.ItemRepositoryTest   : Started ItemRepositoryTest in 5.525 seconds (JVM running for 8.25)
Hibernate: 
    call next value for hibernate_sequence
Hibernate: 
    insert 
    into
        item
        (item_detail, item_name, item_sell_status, price, reg_date, stock_number, update_date, item_id) 
    values
        (?, ?, ?, ?, ?, ?, ?, ?)
2021-10-11 22:59:39.989 TRACE 2016 --- [    Test worker] o.h.type.descriptor.sql.BasicBinder      : binding parameter [1] as [CLOB] - [테스트 상품 상세 설명1]
2021-10-11 22:59:39.989 TRACE 2016 --- [    Test worker] o.h.type.descriptor.sql.BasicBinder      : binding parameter [2] as [VARCHAR] - [테스트 상품1]
2021-10-11 22:59:39.989 TRACE 2016 --- [    Test worker] o.h.type.descriptor.sql.BasicBinder      : binding parameter [3] as [VARCHAR] - [SELL]
2021-10-11 22:59:39.989 TRACE 2016 --- [    Test worker] o.h.type.descriptor.sql.BasicBinder      : binding parameter [4] as [INTEGER] - [10001]
2021-10-11 22:59:39.989 TRACE 2016 --- [    Test worker] o.h.type.descriptor.sql.BasicBinder      : binding parameter [5] as [TIMESTAMP] - [2021-10-11T22:59:39.927313700]
2021-10-11 22:59:39.989 TRACE 2016 --- [    Test worker] o.h.type.descriptor.sql.BasicBinder      : binding parameter [6] as [INTEGER] - [100]
2021-10-11 22:59:39.989 TRACE 2016 --- [    Test worker] o.h.type.descriptor.sql.BasicBinder      : binding parameter [7] as [TIMESTAMP] - [2021-10-11T22:59:39.927313700]
2021-10-11 22:59:40.005 TRACE 2016 --- [    Test worker] o.h.type.descriptor.sql.BasicBinder      : binding parameter [8] as [BIGINT] - [1]
Hibernate: 
    call next value for hibernate_sequence
Hibernate: 
    insert 
    into
        item
        (item_detail, item_name, item_sell_status, price, reg_date, stock_number, update_date, item_id) 
    values
        (?, ?, ?, ?, ?, ?, ?, ?)
2021-10-11 22:59:40.005 TRACE 2016 --- [    Test worker] o.h.type.descriptor.sql.BasicBinder      : binding parameter [1] as [CLOB] - [테스트 상품 상세 설명2]
2021-10-11 22:59:40.005 TRACE 2016 --- [    Test worker] o.h.type.descriptor.sql.BasicBinder      : binding parameter [2] as [VARCHAR] - [테스트 상품2]
2021-10-11 22:59:40.005 TRACE 2016 --- [    Test worker] o.h.type.descriptor.sql.BasicBinder      : binding parameter [3] as [VARCHAR] - [SELL]
2021-10-11 22:59:40.005 TRACE 2016 --- [    Test worker] o.h.type.descriptor.sql.BasicBinder      : binding parameter [4] as [INTEGER] - [10002]
2021-10-11 22:59:40.005 TRACE 2016 --- [    Test worker] o.h.type.descriptor.sql.BasicBinder      : binding parameter [5] as [TIMESTAMP] - [2021-10-11T22:59:40.005439700]
2021-10-11 22:59:40.005 TRACE 2016 --- [    Test worker] o.h.type.descriptor.sql.BasicBinder      : binding parameter [6] as [INTEGER] - [100]
2021-10-11 22:59:40.005 TRACE 2016 --- [    Test worker] o.h.type.descriptor.sql.BasicBinder      : binding parameter [7] as [TIMESTAMP] - [2021-10-11T22:59:40.005439700]
2021-10-11 22:59:40.005 TRACE 2016 --- [    Test worker] o.h.type.descriptor.sql.BasicBinder      : binding parameter [8] as [BIGINT] - [2]
Hibernate: 
    call next value for hibernate_sequence
Hibernate: 
    insert 
    into
        item
        (item_detail, item_name, item_sell_status, price, reg_date, stock_number, update_date, item_id) 
    values
        (?, ?, ?, ?, ?, ?, ?, ?)
2021-10-11 22:59:40.021 TRACE 2016 --- [    Test worker] o.h.type.descriptor.sql.BasicBinder      : binding parameter [1] as [CLOB] - [테스트 상품 상세 설명3]
2021-10-11 22:59:40.021 TRACE 2016 --- [    Test worker] o.h.type.descriptor.sql.BasicBinder      : binding parameter [2] as [VARCHAR] - [테스트 상품3]
2021-10-11 22:59:40.021 TRACE 2016 --- [    Test worker] o.h.type.descriptor.sql.BasicBinder      : binding parameter [3] as [VARCHAR] - [SELL]
2021-10-11 22:59:40.021 TRACE 2016 --- [    Test worker] o.h.type.descriptor.sql.BasicBinder      : binding parameter [4] as [INTEGER] - [10003]
2021-10-11 22:59:40.021 TRACE 2016 --- [    Test worker] o.h.type.descriptor.sql.BasicBinder      : binding parameter [5] as [TIMESTAMP] - [2021-10-11T22:59:40.005439700]
2021-10-11 22:59:40.021 TRACE 2016 --- [    Test worker] o.h.type.descriptor.sql.BasicBinder      : binding parameter [6] as [INTEGER] - [100]
2021-10-11 22:59:40.021 TRACE 2016 --- [    Test worker] o.h.type.descriptor.sql.BasicBinder      : binding parameter [7] as [TIMESTAMP] - [2021-10-11T22:59:40.005439700]
2021-10-11 22:59:40.021 TRACE 2016 --- [    Test worker] o.h.type.descriptor.sql.BasicBinder      : binding parameter [8] as [BIGINT] - [3]
Hibernate: 
    call next value for hibernate_sequence
Hibernate: 
    insert 
    into
        item
        (item_detail, item_name, item_sell_status, price, reg_date, stock_number, update_date, item_id) 
    values
        (?, ?, ?, ?, ?, ?, ?, ?)
2021-10-11 22:59:40.021 TRACE 2016 --- [    Test worker] o.h.type.descriptor.sql.BasicBinder      : binding parameter [1] as [CLOB] - [테스트 상품 상세 설명4]
2021-10-11 22:59:40.021 TRACE 2016 --- [    Test worker] o.h.type.descriptor.sql.BasicBinder      : binding parameter [2] as [VARCHAR] - [테스트 상품4]
2021-10-11 22:59:40.021 TRACE 2016 --- [    Test worker] o.h.type.descriptor.sql.BasicBinder      : binding parameter [3] as [VARCHAR] - [SELL]
2021-10-11 22:59:40.021 TRACE 2016 --- [    Test worker] o.h.type.descriptor.sql.BasicBinder      : binding parameter [4] as [INTEGER] - [10004]
2021-10-11 22:59:40.021 TRACE 2016 --- [    Test worker] o.h.type.descriptor.sql.BasicBinder      : binding parameter [5] as [TIMESTAMP] - [2021-10-11T22:59:40.021063500]
2021-10-11 22:59:40.021 TRACE 2016 --- [    Test worker] o.h.type.descriptor.sql.BasicBinder      : binding parameter [6] as [INTEGER] - [100]
2021-10-11 22:59:40.021 TRACE 2016 --- [    Test worker] o.h.type.descriptor.sql.BasicBinder      : binding parameter [7] as [TIMESTAMP] - [2021-10-11T22:59:40.021063500]
2021-10-11 22:59:40.021 TRACE 2016 --- [    Test worker] o.h.type.descriptor.sql.BasicBinder      : binding parameter [8] as [BIGINT] - [4]
Hibernate: 
    call next value for hibernate_sequence
Hibernate: 
    insert 
    into
        item
        (item_detail, item_name, item_sell_status, price, reg_date, stock_number, update_date, item_id) 
    values
        (?, ?, ?, ?, ?, ?, ?, ?)
2021-10-11 22:59:40.021 TRACE 2016 --- [    Test worker] o.h.type.descriptor.sql.BasicBinder      : binding parameter [1] as [CLOB] - [테스트 상품 상세 설명5]
2021-10-11 22:59:40.021 TRACE 2016 --- [    Test worker] o.h.type.descriptor.sql.BasicBinder      : binding parameter [2] as [VARCHAR] - [테스트 상품5]
2021-10-11 22:59:40.021 TRACE 2016 --- [    Test worker] o.h.type.descriptor.sql.BasicBinder      : binding parameter [3] as [VARCHAR] - [SELL]
2021-10-11 22:59:40.021 TRACE 2016 --- [    Test worker] o.h.type.descriptor.sql.BasicBinder      : binding parameter [4] as [INTEGER] - [10005]
2021-10-11 22:59:40.021 TRACE 2016 --- [    Test worker] o.h.type.descriptor.sql.BasicBinder      : binding parameter [5] as [TIMESTAMP] - [2021-10-11T22:59:40.021063500]
2021-10-11 22:59:40.021 TRACE 2016 --- [    Test worker] o.h.type.descriptor.sql.BasicBinder      : binding parameter [6] as [INTEGER] - [100]
2021-10-11 22:59:40.021 TRACE 2016 --- [    Test worker] o.h.type.descriptor.sql.BasicBinder      : binding parameter [7] as [TIMESTAMP] - [2021-10-11T22:59:40.021063500]
2021-10-11 22:59:40.021 TRACE 2016 --- [    Test worker] o.h.type.descriptor.sql.BasicBinder      : binding parameter [8] as [BIGINT] - [5]
Hibernate: 
    call next value for hibernate_sequence
Hibernate: 
    insert 
    into
        item
        (item_detail, item_name, item_sell_status, price, reg_date, stock_number, update_date, item_id) 
    values
        (?, ?, ?, ?, ?, ?, ?, ?)
2021-10-11 22:59:40.036 TRACE 2016 --- [    Test worker] o.h.type.descriptor.sql.BasicBinder      : binding parameter [1] as [CLOB] - [테스트 상품 상세 설명6]
2021-10-11 22:59:40.036 TRACE 2016 --- [    Test worker] o.h.type.descriptor.sql.BasicBinder      : binding parameter [2] as [VARCHAR] - [테스트 상품6]
2021-10-11 22:59:40.036 TRACE 2016 --- [    Test worker] o.h.type.descriptor.sql.BasicBinder      : binding parameter [3] as [VARCHAR] - [SOLD_OUT]
2021-10-11 22:59:40.036 TRACE 2016 --- [    Test worker] o.h.type.descriptor.sql.BasicBinder      : binding parameter [4] as [INTEGER] - [10006]
2021-10-11 22:59:40.036 TRACE 2016 --- [    Test worker] o.h.type.descriptor.sql.BasicBinder      : binding parameter [5] as [TIMESTAMP] - [2021-10-11T22:59:40.021063500]
2021-10-11 22:59:40.036 TRACE 2016 --- [    Test worker] o.h.type.descriptor.sql.BasicBinder      : binding parameter [6] as [INTEGER] - [0]
2021-10-11 22:59:40.036 TRACE 2016 --- [    Test worker] o.h.type.descriptor.sql.BasicBinder      : binding parameter [7] as [TIMESTAMP] - [2021-10-11T22:59:40.021063500]
2021-10-11 22:59:40.036 TRACE 2016 --- [    Test worker] o.h.type.descriptor.sql.BasicBinder      : binding parameter [8] as [BIGINT] - [6]
Hibernate: 
    call next value for hibernate_sequence
Hibernate: 
    insert 
    into
        item
        (item_detail, item_name, item_sell_status, price, reg_date, stock_number, update_date, item_id) 
    values
        (?, ?, ?, ?, ?, ?, ?, ?)
2021-10-11 22:59:40.036 TRACE 2016 --- [    Test worker] o.h.type.descriptor.sql.BasicBinder      : binding parameter [1] as [CLOB] - [테스트 상품 상세 설명7]
2021-10-11 22:59:40.036 TRACE 2016 --- [    Test worker] o.h.type.descriptor.sql.BasicBinder      : binding parameter [2] as [VARCHAR] - [테스트 상품7]
2021-10-11 22:59:40.036 TRACE 2016 --- [    Test worker] o.h.type.descriptor.sql.BasicBinder      : binding parameter [3] as [VARCHAR] - [SOLD_OUT]
2021-10-11 22:59:40.036 TRACE 2016 --- [    Test worker] o.h.type.descriptor.sql.BasicBinder      : binding parameter [4] as [INTEGER] - [10007]
2021-10-11 22:59:40.036 TRACE 2016 --- [    Test worker] o.h.type.descriptor.sql.BasicBinder      : binding parameter [5] as [TIMESTAMP] - [2021-10-11T22:59:40.036687400]
2021-10-11 22:59:40.036 TRACE 2016 --- [    Test worker] o.h.type.descriptor.sql.BasicBinder      : binding parameter [6] as [INTEGER] - [0]
2021-10-11 22:59:40.036 TRACE 2016 --- [    Test worker] o.h.type.descriptor.sql.BasicBinder      : binding parameter [7] as [TIMESTAMP] - [2021-10-11T22:59:40.036687400]
2021-10-11 22:59:40.036 TRACE 2016 --- [    Test worker] o.h.type.descriptor.sql.BasicBinder      : binding parameter [8] as [BIGINT] - [7]
Hibernate: 
    call next value for hibernate_sequence
Hibernate: 
    insert 
    into
        item
        (item_detail, item_name, item_sell_status, price, reg_date, stock_number, update_date, item_id) 
    values
        (?, ?, ?, ?, ?, ?, ?, ?)
2021-10-11 22:59:40.036 TRACE 2016 --- [    Test worker] o.h.type.descriptor.sql.BasicBinder      : binding parameter [1] as [CLOB] - [테스트 상품 상세 설명8]
2021-10-11 22:59:40.036 TRACE 2016 --- [    Test worker] o.h.type.descriptor.sql.BasicBinder      : binding parameter [2] as [VARCHAR] - [테스트 상품8]
2021-10-11 22:59:40.036 TRACE 2016 --- [    Test worker] o.h.type.descriptor.sql.BasicBinder      : binding parameter [3] as [VARCHAR] - [SOLD_OUT]
2021-10-11 22:59:40.036 TRACE 2016 --- [    Test worker] o.h.type.descriptor.sql.BasicBinder      : binding parameter [4] as [INTEGER] - [10008]
2021-10-11 22:59:40.036 TRACE 2016 --- [    Test worker] o.h.type.descriptor.sql.BasicBinder      : binding parameter [5] as [TIMESTAMP] - [2021-10-11T22:59:40.036687400]
2021-10-11 22:59:40.036 TRACE 2016 --- [    Test worker] o.h.type.descriptor.sql.BasicBinder      : binding parameter [6] as [INTEGER] - [0]
2021-10-11 22:59:40.036 TRACE 2016 --- [    Test worker] o.h.type.descriptor.sql.BasicBinder      : binding parameter [7] as [TIMESTAMP] - [2021-10-11T22:59:40.036687400]
2021-10-11 22:59:40.036 TRACE 2016 --- [    Test worker] o.h.type.descriptor.sql.BasicBinder      : binding parameter [8] as [BIGINT] - [8]
Hibernate: 
    call next value for hibernate_sequence
Hibernate: 
    insert 
    into
        item
        (item_detail, item_name, item_sell_status, price, reg_date, stock_number, update_date, item_id) 
    values
        (?, ?, ?, ?, ?, ?, ?, ?)
2021-10-11 22:59:40.036 TRACE 2016 --- [    Test worker] o.h.type.descriptor.sql.BasicBinder      : binding parameter [1] as [CLOB] - [테스트 상품 상세 설명9]
2021-10-11 22:59:40.036 TRACE 2016 --- [    Test worker] o.h.type.descriptor.sql.BasicBinder      : binding parameter [2] as [VARCHAR] - [테스트 상품9]
2021-10-11 22:59:40.036 TRACE 2016 --- [    Test worker] o.h.type.descriptor.sql.BasicBinder      : binding parameter [3] as [VARCHAR] - [SOLD_OUT]
2021-10-11 22:59:40.036 TRACE 2016 --- [    Test worker] o.h.type.descriptor.sql.BasicBinder      : binding parameter [4] as [INTEGER] - [10009]
2021-10-11 22:59:40.036 TRACE 2016 --- [    Test worker] o.h.type.descriptor.sql.BasicBinder      : binding parameter [5] as [TIMESTAMP] - [2021-10-11T22:59:40.036687400]
2021-10-11 22:59:40.036 TRACE 2016 --- [    Test worker] o.h.type.descriptor.sql.BasicBinder      : binding parameter [6] as [INTEGER] - [0]
2021-10-11 22:59:40.036 TRACE 2016 --- [    Test worker] o.h.type.descriptor.sql.BasicBinder      : binding parameter [7] as [TIMESTAMP] - [2021-10-11T22:59:40.036687400]
2021-10-11 22:59:40.036 TRACE 2016 --- [    Test worker] o.h.type.descriptor.sql.BasicBinder      : binding parameter [8] as [BIGINT] - [9]
Hibernate: 
    call next value for hibernate_sequence
Hibernate: 
    insert 
    into
        item
        (item_detail, item_name, item_sell_status, price, reg_date, stock_number, update_date, item_id) 
    values
        (?, ?, ?, ?, ?, ?, ?, ?)
2021-10-11 22:59:40.036 TRACE 2016 --- [    Test worker] o.h.type.descriptor.sql.BasicBinder      : binding parameter [1] as [CLOB] - [테스트 상품 상세 설명10]
2021-10-11 22:59:40.036 TRACE 2016 --- [    Test worker] o.h.type.descriptor.sql.BasicBinder      : binding parameter [2] as [VARCHAR] - [테스트 상품10]
2021-10-11 22:59:40.036 TRACE 2016 --- [    Test worker] o.h.type.descriptor.sql.BasicBinder      : binding parameter [3] as [VARCHAR] - [SOLD_OUT]
2021-10-11 22:59:40.036 TRACE 2016 --- [    Test worker] o.h.type.descriptor.sql.BasicBinder      : binding parameter [4] as [INTEGER] - [10010]
2021-10-11 22:59:40.036 TRACE 2016 --- [    Test worker] o.h.type.descriptor.sql.BasicBinder      : binding parameter [5] as [TIMESTAMP] - [2021-10-11T22:59:40.036687400]
2021-10-11 22:59:40.036 TRACE 2016 --- [    Test worker] o.h.type.descriptor.sql.BasicBinder      : binding parameter [6] as [INTEGER] - [0]
2021-10-11 22:59:40.036 TRACE 2016 --- [    Test worker] o.h.type.descriptor.sql.BasicBinder      : binding parameter [7] as [TIMESTAMP] - [2021-10-11T22:59:40.036687400]
2021-10-11 22:59:40.036 TRACE 2016 --- [    Test worker] o.h.type.descriptor.sql.BasicBinder      : binding parameter [8] as [BIGINT] - [10]
Hibernate: 
    select
        item0_.item_id as item_id1_0_,
        item0_.item_detail as item_det2_0_,
        item0_.item_name as item_nam3_0_,
        item0_.item_sell_status as item_sel4_0_,
        item0_.price as price5_0_,
        item0_.reg_date as reg_date6_0_,
        item0_.stock_number as stock_nu7_0_,
        item0_.update_date as update_d8_0_ 
    from
        item item0_ 
    where
        (
            item0_.item_detail like ? escape '!'
        ) 
        and item0_.price>? 
        and item0_.item_sell_status=? limit ?
2021-10-11 22:59:40.146 TRACE 2016 --- [    Test worker] o.h.type.descriptor.sql.BasicBinder      : binding parameter [1] as [CLOB] - [%테스트 상품 상세 설명%]
2021-10-11 22:59:40.146 TRACE 2016 --- [    Test worker] o.h.type.descriptor.sql.BasicBinder      : binding parameter [2] as [INTEGER] - [100003]
2021-10-11 22:59:40.146 TRACE 2016 --- [    Test worker] o.h.type.descriptor.sql.BasicBinder      : binding parameter [3] as [VARCHAR] - [SELL]
total elements : 0
]]></system-out>
  <system-err><![CDATA[]]></system-err>
</testsuite>
