<?xml version="1.0" encoding="UTF-8"?>
<testsuite name="com.shop.controller.MemberControllerTest" tests="1" skipped="0" failures="0" errors="0" timestamp="2021-10-15T07:01:19" hostname="JUNGINBAEK" time="0.468">
  <properties/>
  <testcase name="로그인 실패 테스트" classname="com.shop.controller.MemberControllerTest" time="0.468"/>
  <system-out><![CDATA[16:01:13.573 [Test worker] DEBUG org.springframework.test.context.BootstrapUtils - Instantiating CacheAwareContextLoaderDelegate from class [org.springframework.test.context.cache.DefaultCacheAwareContextLoaderDelegate]
16:01:13.592 [Test worker] DEBUG org.springframework.test.context.BootstrapUtils - Instantiating BootstrapContext using constructor [public org.springframework.test.context.support.DefaultBootstrapContext(java.lang.Class,org.springframework.test.context.CacheAwareContextLoaderDelegate)]
16:01:13.626 [Test worker] DEBUG org.springframework.test.context.BootstrapUtils - Instantiating TestContextBootstrapper for test class [com.shop.controller.MemberControllerTest] from class [org.springframework.boot.test.context.SpringBootTestContextBootstrapper]
16:01:13.637 [Test worker] INFO org.springframework.boot.test.context.SpringBootTestContextBootstrapper - Neither @ContextConfiguration nor @ContextHierarchy found for test class [com.shop.controller.MemberControllerTest], using SpringBootContextLoader
16:01:13.640 [Test worker] DEBUG org.springframework.test.context.support.AbstractContextLoader - Did not detect default resource location for test class [com.shop.controller.MemberControllerTest]: class path resource [com/shop/controller/MemberControllerTest-context.xml] does not exist
16:01:13.641 [Test worker] DEBUG org.springframework.test.context.support.AbstractContextLoader - Did not detect default resource location for test class [com.shop.controller.MemberControllerTest]: class path resource [com/shop/controller/MemberControllerTestContext.groovy] does not exist
16:01:13.641 [Test worker] INFO org.springframework.test.context.support.AbstractContextLoader - Could not detect default resource locations for test class [com.shop.controller.MemberControllerTest]: no resource found for suffixes {-context.xml, Context.groovy}.
16:01:13.642 [Test worker] INFO org.springframework.test.context.support.AnnotationConfigContextLoaderUtils - Could not detect default configuration classes for test class [com.shop.controller.MemberControllerTest]: MemberControllerTest does not declare any static, non-private, non-final, nested classes annotated with @Configuration.
16:01:13.697 [Test worker] DEBUG org.springframework.test.context.support.ActiveProfilesUtils - Could not find an 'annotation declaring class' for annotation type [org.springframework.test.context.ActiveProfiles] and class [com.shop.controller.MemberControllerTest]
16:01:13.756 [Test worker] DEBUG org.springframework.context.annotation.ClassPathScanningCandidateComponentProvider - Identified candidate component class: file [C:\Users\bji15\IdeaProjects\shop\build\classes\java\main\com\shop\ShopApplication.class]
16:01:13.757 [Test worker] INFO org.springframework.boot.test.context.SpringBootTestContextBootstrapper - Found @SpringBootConfiguration com.shop.ShopApplication for test class com.shop.controller.MemberControllerTest
16:01:13.852 [Test worker] DEBUG org.springframework.boot.test.context.SpringBootTestContextBootstrapper - @TestExecutionListeners is not present for class [com.shop.controller.MemberControllerTest]: using defaults.
16:01:13.853 [Test worker] INFO org.springframework.boot.test.context.SpringBootTestContextBootstrapper - Loaded default TestExecutionListener class names from location [META-INF/spring.factories]: [org.springframework.security.test.context.support.WithSecurityContextTestExecutionListener, org.springframework.security.test.context.support.ReactorContextTestExecutionListener, org.springframework.test.context.web.ServletTestExecutionListener, org.springframework.test.context.support.DirtiesContextBeforeModesTestExecutionListener, org.springframework.test.context.event.ApplicationEventsTestExecutionListener, org.springframework.test.context.support.DependencyInjectionTestExecutionListener, org.springframework.test.context.support.DirtiesContextTestExecutionListener, org.springframework.test.context.transaction.TransactionalTestExecutionListener, org.springframework.test.context.jdbc.SqlScriptsTestExecutionListener, org.springframework.test.context.event.EventPublishingTestExecutionListener, org.springframework.boot.test.autoconfigure.restdocs.RestDocsTestExecutionListener, org.springframework.boot.test.autoconfigure.web.client.MockRestServiceServerResetTestExecutionListener, org.springframework.boot.test.autoconfigure.web.servlet.MockMvcPrintOnlyOnFailureTestExecutionListener, org.springframework.boot.test.autoconfigure.web.servlet.WebDriverTestExecutionListener, org.springframework.boot.test.autoconfigure.webservices.client.MockWebServiceServerTestExecutionListener, org.springframework.boot.test.mock.mockito.MockitoTestExecutionListener, org.springframework.boot.test.mock.mockito.ResetMocksTestExecutionListener]
16:01:13.870 [Test worker] INFO org.springframework.boot.test.context.SpringBootTestContextBootstrapper - Using TestExecutionListeners: [org.springframework.test.context.web.ServletTestExecutionListener@282308c3, org.springframework.test.context.support.DirtiesContextBeforeModesTestExecutionListener@5dda14d0, org.springframework.test.context.event.ApplicationEventsTestExecutionListener@1db0ec27, org.springframework.boot.test.mock.mockito.MockitoTestExecutionListener@3d9fc57a, org.springframework.boot.test.autoconfigure.SpringBootDependencyInjectionTestExecutionListener@d4ab71a, org.springframework.test.context.support.DirtiesContextTestExecutionListener@3b4ef7, org.springframework.test.context.transaction.TransactionalTestExecutionListener@1af05b03, org.springframework.test.context.jdbc.SqlScriptsTestExecutionListener@5987e932, org.springframework.security.test.context.support.WithSecurityContextTestExecutionListener@1ad777f, org.springframework.test.context.event.EventPublishingTestExecutionListener@5bbbdd4b, org.springframework.security.test.context.support.ReactorContextTestExecutionListener@438bad7c, org.springframework.boot.test.autoconfigure.restdocs.RestDocsTestExecutionListener@25230246, org.springframework.boot.test.autoconfigure.web.client.MockRestServiceServerResetTestExecutionListener@4fdf8f12, org.springframework.boot.test.autoconfigure.web.servlet.MockMvcPrintOnlyOnFailureTestExecutionListener@4a8b5227, org.springframework.boot.test.autoconfigure.web.servlet.WebDriverTestExecutionListener@54f5f647, org.springframework.boot.test.autoconfigure.webservices.client.MockWebServiceServerTestExecutionListener@6979efad, org.springframework.boot.test.mock.mockito.ResetMocksTestExecutionListener@5a6d5a8f]
16:01:13.874 [Test worker] DEBUG org.springframework.test.context.support.AbstractDirtiesContextTestExecutionListener - Before test class: context [DefaultTestContext@77e2a6e2 testClass = MemberControllerTest, testInstance = [null], testMethod = [null], testException = [null], mergedContextConfiguration = [WebMergedContextConfiguration@5710768a testClass = MemberControllerTest, locations = '{}', classes = '{class com.shop.ShopApplication}', contextInitializerClasses = '[]', activeProfiles = '{}', propertySourceLocations = '{classpath:application-test.properties}', propertySourceProperties = '{org.springframework.boot.test.context.SpringBootTestContextBootstrapper=true}', contextCustomizers = set[org.springframework.boot.test.autoconfigure.actuate.metrics.MetricsExportContextCustomizerFactory$DisableMetricExportContextCustomizer@f79a760, org.springframework.boot.test.autoconfigure.properties.PropertyMappingContextCustomizer@4b3fa0b3, org.springframework.boot.test.autoconfigure.web.servlet.WebDriverContextCustomizerFactory$Customizer@546ccad7, [ImportsContextCustomizer@199e4c2b key = [org.springframework.boot.test.autoconfigure.web.servlet.MockMvcAutoConfiguration, org.springframework.boot.test.autoconfigure.web.servlet.MockMvcWebClientAutoConfiguration, org.springframework.boot.test.autoconfigure.web.servlet.MockMvcWebDriverAutoConfiguration, org.springframework.boot.autoconfigure.security.oauth2.client.servlet.OAuth2ClientAutoConfiguration, org.springframework.boot.autoconfigure.security.oauth2.resource.servlet.OAuth2ResourceServerAutoConfiguration, org.springframework.boot.autoconfigure.security.servlet.SecurityAutoConfiguration, org.springframework.boot.autoconfigure.security.servlet.SecurityFilterAutoConfiguration, org.springframework.boot.autoconfigure.security.servlet.UserDetailsServiceAutoConfiguration, org.springframework.boot.test.autoconfigure.web.servlet.MockMvcSecurityConfiguration]], org.springframework.boot.test.context.filter.ExcludeFilterContextCustomizer@5b408dc3, org.springframework.boot.test.json.DuplicateJsonObjectContextCustomizerFactory$DuplicateJsonObjectContextCustomizer@20b5f2ac, org.springframework.boot.test.mock.mockito.MockitoContextCustomizer@0, org.springframework.boot.test.web.client.TestRestTemplateContextCustomizer@71984c3, org.springframework.boot.test.context.SpringBootTestArgs@1, org.springframework.boot.test.context.SpringBootTestWebEnvironment@560348e6], resourceBasePath = 'src/main/webapp', contextLoader = 'org.springframework.boot.test.context.SpringBootContextLoader', parent = [null]], attributes = map['org.springframework.test.context.web.ServletTestExecutionListener.activateListener' -> true]], class annotated with @DirtiesContext [false] with mode [null].
16:01:13.908 [Test worker] DEBUG org.springframework.test.context.support.TestPropertySourceUtils - Adding inlined properties to environment: {spring.jmx.enabled=false, org.springframework.boot.test.context.SpringBootTestContextBootstrapper=true}

  .   ____          _            __ _ _
 /\\ / ___'_ __ _ _(_)_ __  __ _ \ \ \ \
( ( )\___ | '_ | '_| | '_ \/ _` | \ \ \ \
 \\/  ___)| |_)| | | | | || (_| |  ) ) ) )
  '  |____| .__|_| |_|_| |_\__, | / / / /
 =========|_|==============|___/=/_/_/_/
 :: Spring Boot ::                (v2.5.5)

2021-10-15 16:01:14.223  INFO 4928 --- [    Test worker] c.shop.controller.MemberControllerTest   : Starting MemberControllerTest using Java 11.0.12 on JungInBaek with PID 4928 (started by bji15 in C:\Users\bji15\IdeaProjects\shop)
2021-10-15 16:01:14.225  INFO 4928 --- [    Test worker] c.shop.controller.MemberControllerTest   : The following profiles are active: datasource
2021-10-15 16:01:15.367  INFO 4928 --- [    Test worker] .s.d.r.c.RepositoryConfigurationDelegate : Bootstrapping Spring Data JPA repositories in DEFAULT mode.
2021-10-15 16:01:15.453  INFO 4928 --- [    Test worker] .s.d.r.c.RepositoryConfigurationDelegate : Finished Spring Data repository scanning in 76 ms. Found 2 JPA repository interfaces.
2021-10-15 16:01:16.191  INFO 4928 --- [    Test worker] o.hibernate.jpa.internal.util.LogHelper  : HHH000204: Processing PersistenceUnitInfo [name: default]
2021-10-15 16:01:16.275  INFO 4928 --- [    Test worker] org.hibernate.Version                    : HHH000412: Hibernate ORM core version 5.4.32.Final
2021-10-15 16:01:16.493  INFO 4928 --- [    Test worker] o.hibernate.annotations.common.Version   : HCANN000001: Hibernate Commons Annotations {5.1.2.Final}
2021-10-15 16:01:16.661  INFO 4928 --- [    Test worker] com.zaxxer.hikari.HikariDataSource       : HikariPool-1 - Starting...
2021-10-15 16:01:16.883  INFO 4928 --- [    Test worker] com.zaxxer.hikari.HikariDataSource       : HikariPool-1 - Start completed.
2021-10-15 16:01:16.905  INFO 4928 --- [    Test worker] org.hibernate.dialect.Dialect            : HHH000400: Using dialect: org.hibernate.dialect.H2Dialect
Hibernate: 
    
    drop table if exists item CASCADE 
Hibernate: 
    
    drop table if exists member CASCADE 
Hibernate: 
    
    drop sequence if exists hibernate_sequence
Hibernate: create sequence hibernate_sequence start with 1 increment by 1
Hibernate: 
    
    create table item (
       item_id bigint not null,
        item_detail clob not null,
        item_name varchar(50) not null,
        item_sell_status varchar(255),
        price integer not null,
        reg_time timestamp,
        stock_number integer not null,
        update_time timestamp,
        primary key (item_id)
    )
Hibernate: 
    
    create table member (
       member_id bigint not null,
        address varchar(255),
        email varchar(255),
        name varchar(255),
        password varchar(255),
        role varchar(255),
        primary key (member_id)
    )
Hibernate: 
    
    alter table member 
       add constraint UK_mbmcqelty0fbrvxp1q58dn57t unique (email)
2021-10-15 16:01:17.752  INFO 4928 --- [    Test worker] o.h.e.t.j.p.i.JtaPlatformInitiator       : HHH000490: Using JtaPlatform implementation: [org.hibernate.engine.transaction.jta.platform.internal.NoJtaPlatform]
2021-10-15 16:01:17.762  INFO 4928 --- [    Test worker] j.LocalContainerEntityManagerFactoryBean : Initialized JPA EntityManagerFactory for persistence unit 'default'
2021-10-15 16:01:17.866  WARN 4928 --- [    Test worker] JpaBaseConfiguration$JpaWebConfiguration : spring.jpa.open-in-view is enabled by default. Therefore, database queries may be performed during view rendering. Explicitly configure spring.jpa.open-in-view to disable this warning
2021-10-15 16:01:18.503  INFO 4928 --- [    Test worker] o.s.s.web.DefaultSecurityFilterChain     : Will secure any request with [org.springframework.security.web.context.request.async.WebAsyncManagerIntegrationFilter@42ea14b8, org.springframework.security.web.context.SecurityContextPersistenceFilter@1715193f, org.springframework.security.web.header.HeaderWriterFilter@2b5ca574, org.springframework.security.web.csrf.CsrfFilter@351fadfa, org.springframework.security.web.authentication.logout.LogoutFilter@4d24ab25, org.springframework.security.web.authentication.UsernamePasswordAuthenticationFilter@1952ad9d, org.springframework.security.web.savedrequest.RequestCacheAwareFilter@2c8e096, org.springframework.security.web.servletapi.SecurityContextHolderAwareRequestFilter@4df13b7e, org.springframework.security.web.authentication.AnonymousAuthenticationFilter@5837cb9e, org.springframework.security.web.session.SessionManagementFilter@769f6023, org.springframework.security.web.access.ExceptionTranslationFilter@1fce6eb4]
2021-10-15 16:01:19.211  INFO 4928 --- [    Test worker] o.s.b.a.h2.H2ConsoleAutoConfiguration    : H2 console available at '/h2-console'. Database available at 'jdbc:h2:mem:test'
2021-10-15 16:01:19.795  INFO 4928 --- [    Test worker] o.s.b.t.m.w.SpringBootMockServletContext : Initializing Spring TestDispatcherServlet ''
2021-10-15 16:01:19.795  INFO 4928 --- [    Test worker] o.s.t.web.servlet.TestDispatcherServlet  : Initializing Servlet ''
2021-10-15 16:01:19.796  INFO 4928 --- [    Test worker] o.s.t.web.servlet.TestDispatcherServlet  : Completed initialization in 1 ms
2021-10-15 16:01:19.816  INFO 4928 --- [    Test worker] c.shop.controller.MemberControllerTest   : Started MemberControllerTest in 5.901 seconds (JVM running for 7.155)
2021-10-15 16:01:19.846  INFO 4928 --- [    Test worker] o.s.t.c.transaction.TransactionContext   : Began transaction (1) for test context [DefaultTestContext@77e2a6e2 testClass = MemberControllerTest, testInstance = com.shop.controller.MemberControllerTest@172ca6a, testMethod = loginFailTest@MemberControllerTest, testException = [null], mergedContextConfiguration = [WebMergedContextConfiguration@5710768a testClass = MemberControllerTest, locations = '{}', classes = '{class com.shop.ShopApplication}', contextInitializerClasses = '[]', activeProfiles = '{}', propertySourceLocations = '{classpath:application-test.properties}', propertySourceProperties = '{org.springframework.boot.test.context.SpringBootTestContextBootstrapper=true}', contextCustomizers = set[org.springframework.boot.test.autoconfigure.actuate.metrics.MetricsExportContextCustomizerFactory$DisableMetricExportContextCustomizer@f79a760, org.springframework.boot.test.autoconfigure.properties.PropertyMappingContextCustomizer@4b3fa0b3, org.springframework.boot.test.autoconfigure.web.servlet.WebDriverContextCustomizerFactory$Customizer@546ccad7, [ImportsContextCustomizer@199e4c2b key = [org.springframework.boot.test.autoconfigure.web.servlet.MockMvcAutoConfiguration, org.springframework.boot.test.autoconfigure.web.servlet.MockMvcWebClientAutoConfiguration, org.springframework.boot.test.autoconfigure.web.servlet.MockMvcWebDriverAutoConfiguration, org.springframework.boot.autoconfigure.security.oauth2.client.servlet.OAuth2ClientAutoConfiguration, org.springframework.boot.autoconfigure.security.oauth2.resource.servlet.OAuth2ResourceServerAutoConfiguration, org.springframework.boot.autoconfigure.security.servlet.SecurityAutoConfiguration, org.springframework.boot.autoconfigure.security.servlet.SecurityFilterAutoConfiguration, org.springframework.boot.autoconfigure.security.servlet.UserDetailsServiceAutoConfiguration, org.springframework.boot.test.autoconfigure.web.servlet.MockMvcSecurityConfiguration]], org.springframework.boot.test.context.filter.ExcludeFilterContextCustomizer@5b408dc3, org.springframework.boot.test.json.DuplicateJsonObjectContextCustomizerFactory$DuplicateJsonObjectContextCustomizer@20b5f2ac, org.springframework.boot.test.mock.mockito.MockitoContextCustomizer@0, org.springframework.boot.test.web.client.TestRestTemplateContextCustomizer@71984c3, org.springframework.boot.test.context.SpringBootTestArgs@1, org.springframework.boot.test.context.SpringBootTestWebEnvironment@560348e6], resourceBasePath = 'src/main/webapp', contextLoader = 'org.springframework.boot.test.context.SpringBootContextLoader', parent = [null]], attributes = map['org.springframework.test.context.web.ServletTestExecutionListener.activateListener' -> true, 'org.springframework.test.context.web.ServletTestExecutionListener.populatedRequestContextHolder' -> true, 'org.springframework.test.context.web.ServletTestExecutionListener.resetRequestContextHolder' -> true, 'org.springframework.test.context.event.ApplicationEventsTestExecutionListener.recordApplicationEvents' -> false]]; transaction manager [org.springframework.orm.jpa.JpaTransactionManager@57f83dc7]; rollback [true]
Hibernate: 
    select
        member0_.member_id as member_i1_1_,
        member0_.address as address2_1_,
        member0_.email as email3_1_,
        member0_.name as name4_1_,
        member0_.password as password5_1_,
        member0_.role as role6_1_ 
    from
        member member0_ 
    where
        member0_.email=?
2021-10-15 16:01:20.070 TRACE 4928 --- [    Test worker] o.h.type.descriptor.sql.BasicBinder      : binding parameter [1] as [VARCHAR] - [test@email.com]
Hibernate: 
    call next value for hibernate_sequence
Hibernate: 
    insert 
    into
        member
        (address, email, name, password, role, member_id) 
    values
        (?, ?, ?, ?, ?, ?)
2021-10-15 16:01:20.203 TRACE 4928 --- [    Test worker] o.h.type.descriptor.sql.BasicBinder      : binding parameter [1] as [VARCHAR] - [서울시 마포구 합정동]
2021-10-15 16:01:20.203 TRACE 4928 --- [    Test worker] o.h.type.descriptor.sql.BasicBinder      : binding parameter [2] as [VARCHAR] - [test@email.com]
2021-10-15 16:01:20.203 TRACE 4928 --- [    Test worker] o.h.type.descriptor.sql.BasicBinder      : binding parameter [3] as [VARCHAR] - [홍길동]
2021-10-15 16:01:20.203 TRACE 4928 --- [    Test worker] o.h.type.descriptor.sql.BasicBinder      : binding parameter [4] as [VARCHAR] - [$2a$10$Qpq3XCmuDUrwwxEbGpu7Yupoj5MHCI1U7OkN30g.donwhcOdAsSJq]
2021-10-15 16:01:20.204 TRACE 4928 --- [    Test worker] o.h.type.descriptor.sql.BasicBinder      : binding parameter [5] as [VARCHAR] - [USER]
2021-10-15 16:01:20.204 TRACE 4928 --- [    Test worker] o.h.type.descriptor.sql.BasicBinder      : binding parameter [6] as [BIGINT] - [1]
Hibernate: 
    select
        member0_.member_id as member_i1_1_,
        member0_.address as address2_1_,
        member0_.email as email3_1_,
        member0_.name as name4_1_,
        member0_.password as password5_1_,
        member0_.role as role6_1_ 
    from
        member member0_ 
    where
        member0_.email=?
2021-10-15 16:01:20.210 TRACE 4928 --- [    Test worker] o.h.type.descriptor.sql.BasicBinder      : binding parameter [1] as [VARCHAR] - [test@email.com]
2021-10-15 16:01:20.212 TRACE 4928 --- [    Test worker] o.h.type.descriptor.sql.BasicExtractor   : extracted value ([member_i1_1_] : [BIGINT]) - [1]
2021-10-15 16:01:20.299  INFO 4928 --- [    Test worker] o.s.t.c.transaction.TransactionContext   : Rolled back transaction for test: [DefaultTestContext@77e2a6e2 testClass = MemberControllerTest, testInstance = com.shop.controller.MemberControllerTest@172ca6a, testMethod = loginFailTest@MemberControllerTest, testException = [null], mergedContextConfiguration = [WebMergedContextConfiguration@5710768a testClass = MemberControllerTest, locations = '{}', classes = '{class com.shop.ShopApplication}', contextInitializerClasses = '[]', activeProfiles = '{}', propertySourceLocations = '{classpath:application-test.properties}', propertySourceProperties = '{org.springframework.boot.test.context.SpringBootTestContextBootstrapper=true}', contextCustomizers = set[org.springframework.boot.test.autoconfigure.actuate.metrics.MetricsExportContextCustomizerFactory$DisableMetricExportContextCustomizer@f79a760, org.springframework.boot.test.autoconfigure.properties.PropertyMappingContextCustomizer@4b3fa0b3, org.springframework.boot.test.autoconfigure.web.servlet.WebDriverContextCustomizerFactory$Customizer@546ccad7, [ImportsContextCustomizer@199e4c2b key = [org.springframework.boot.test.autoconfigure.web.servlet.MockMvcAutoConfiguration, org.springframework.boot.test.autoconfigure.web.servlet.MockMvcWebClientAutoConfiguration, org.springframework.boot.test.autoconfigure.web.servlet.MockMvcWebDriverAutoConfiguration, org.springframework.boot.autoconfigure.security.oauth2.client.servlet.OAuth2ClientAutoConfiguration, org.springframework.boot.autoconfigure.security.oauth2.resource.servlet.OAuth2ResourceServerAutoConfiguration, org.springframework.boot.autoconfigure.security.servlet.SecurityAutoConfiguration, org.springframework.boot.autoconfigure.security.servlet.SecurityFilterAutoConfiguration, org.springframework.boot.autoconfigure.security.servlet.UserDetailsServiceAutoConfiguration, org.springframework.boot.test.autoconfigure.web.servlet.MockMvcSecurityConfiguration]], org.springframework.boot.test.context.filter.ExcludeFilterContextCustomizer@5b408dc3, org.springframework.boot.test.json.DuplicateJsonObjectContextCustomizerFactory$DuplicateJsonObjectContextCustomizer@20b5f2ac, org.springframework.boot.test.mock.mockito.MockitoContextCustomizer@0, org.springframework.boot.test.web.client.TestRestTemplateContextCustomizer@71984c3, org.springframework.boot.test.context.SpringBootTestArgs@1, org.springframework.boot.test.context.SpringBootTestWebEnvironment@560348e6], resourceBasePath = 'src/main/webapp', contextLoader = 'org.springframework.boot.test.context.SpringBootContextLoader', parent = [null]], attributes = map['org.springframework.test.context.web.ServletTestExecutionListener.activateListener' -> true, 'org.springframework.test.context.web.ServletTestExecutionListener.populatedRequestContextHolder' -> true, 'org.springframework.test.context.web.ServletTestExecutionListener.resetRequestContextHolder' -> true, 'org.springframework.test.context.event.ApplicationEventsTestExecutionListener.recordApplicationEvents' -> false]]
]]></system-out>
  <system-err><![CDATA[]]></system-err>
</testsuite>
