<?xml version="1.0" encoding="UTF-8"?>
<testsuite name="com.shop.service.OrderServiceTest" tests="1" skipped="0" failures="0" errors="0" timestamp="2021-10-23T07:45:06" hostname="JUNGINBAEK" time="0.318">
  <properties/>
  <testcase name="주문 테스트" classname="com.shop.service.OrderServiceTest" time="0.318"/>
  <system-out><![CDATA[16:45:00.086 [Test worker] DEBUG org.springframework.test.context.BootstrapUtils - Instantiating CacheAwareContextLoaderDelegate from class [org.springframework.test.context.cache.DefaultCacheAwareContextLoaderDelegate]
16:45:00.106 [Test worker] DEBUG org.springframework.test.context.BootstrapUtils - Instantiating BootstrapContext using constructor [public org.springframework.test.context.support.DefaultBootstrapContext(java.lang.Class,org.springframework.test.context.CacheAwareContextLoaderDelegate)]
16:45:00.141 [Test worker] DEBUG org.springframework.test.context.BootstrapUtils - Instantiating TestContextBootstrapper for test class [com.shop.service.OrderServiceTest] from class [org.springframework.boot.test.context.SpringBootTestContextBootstrapper]
16:45:00.155 [Test worker] INFO org.springframework.boot.test.context.SpringBootTestContextBootstrapper - Neither @ContextConfiguration nor @ContextHierarchy found for test class [com.shop.service.OrderServiceTest], using SpringBootContextLoader
16:45:00.160 [Test worker] DEBUG org.springframework.test.context.support.AbstractContextLoader - Did not detect default resource location for test class [com.shop.service.OrderServiceTest]: class path resource [com/shop/service/OrderServiceTest-context.xml] does not exist
16:45:00.161 [Test worker] DEBUG org.springframework.test.context.support.AbstractContextLoader - Did not detect default resource location for test class [com.shop.service.OrderServiceTest]: class path resource [com/shop/service/OrderServiceTestContext.groovy] does not exist
16:45:00.161 [Test worker] INFO org.springframework.test.context.support.AbstractContextLoader - Could not detect default resource locations for test class [com.shop.service.OrderServiceTest]: no resource found for suffixes {-context.xml, Context.groovy}.
16:45:00.162 [Test worker] INFO org.springframework.test.context.support.AnnotationConfigContextLoaderUtils - Could not detect default configuration classes for test class [com.shop.service.OrderServiceTest]: OrderServiceTest does not declare any static, non-private, non-final, nested classes annotated with @Configuration.
16:45:00.214 [Test worker] DEBUG org.springframework.test.context.support.ActiveProfilesUtils - Could not find an 'annotation declaring class' for annotation type [org.springframework.test.context.ActiveProfiles] and class [com.shop.service.OrderServiceTest]
16:45:00.296 [Test worker] DEBUG org.springframework.context.annotation.ClassPathScanningCandidateComponentProvider - Identified candidate component class: file [C:\Users\bji15\IdeaProjects\shop\build\classes\java\main\com\shop\ShopApplication.class]
16:45:00.298 [Test worker] INFO org.springframework.boot.test.context.SpringBootTestContextBootstrapper - Found @SpringBootConfiguration com.shop.ShopApplication for test class com.shop.service.OrderServiceTest
16:45:00.413 [Test worker] DEBUG org.springframework.boot.test.context.SpringBootTestContextBootstrapper - @TestExecutionListeners is not present for class [com.shop.service.OrderServiceTest]: using defaults.
16:45:00.413 [Test worker] INFO org.springframework.boot.test.context.SpringBootTestContextBootstrapper - Loaded default TestExecutionListener class names from location [META-INF/spring.factories]: [org.springframework.security.test.context.support.WithSecurityContextTestExecutionListener, org.springframework.security.test.context.support.ReactorContextTestExecutionListener, org.springframework.test.context.web.ServletTestExecutionListener, org.springframework.test.context.support.DirtiesContextBeforeModesTestExecutionListener, org.springframework.test.context.event.ApplicationEventsTestExecutionListener, org.springframework.test.context.support.DependencyInjectionTestExecutionListener, org.springframework.test.context.support.DirtiesContextTestExecutionListener, org.springframework.test.context.transaction.TransactionalTestExecutionListener, org.springframework.test.context.jdbc.SqlScriptsTestExecutionListener, org.springframework.test.context.event.EventPublishingTestExecutionListener, org.springframework.boot.test.autoconfigure.restdocs.RestDocsTestExecutionListener, org.springframework.boot.test.autoconfigure.web.client.MockRestServiceServerResetTestExecutionListener, org.springframework.boot.test.autoconfigure.web.servlet.MockMvcPrintOnlyOnFailureTestExecutionListener, org.springframework.boot.test.autoconfigure.web.servlet.WebDriverTestExecutionListener, org.springframework.boot.test.autoconfigure.webservices.client.MockWebServiceServerTestExecutionListener, org.springframework.boot.test.mock.mockito.MockitoTestExecutionListener, org.springframework.boot.test.mock.mockito.ResetMocksTestExecutionListener]
16:45:00.434 [Test worker] INFO org.springframework.boot.test.context.SpringBootTestContextBootstrapper - Using TestExecutionListeners: [org.springframework.test.context.web.ServletTestExecutionListener@79f227a9, org.springframework.test.context.support.DirtiesContextBeforeModesTestExecutionListener@6ca320ab, org.springframework.test.context.event.ApplicationEventsTestExecutionListener@50d68830, org.springframework.boot.test.mock.mockito.MockitoTestExecutionListener@1e53135d, org.springframework.boot.test.autoconfigure.SpringBootDependencyInjectionTestExecutionListener@7674a051, org.springframework.test.context.support.DirtiesContextTestExecutionListener@3a7704c, org.springframework.test.context.transaction.TransactionalTestExecutionListener@6754ef00, org.springframework.test.context.jdbc.SqlScriptsTestExecutionListener@619bd14c, org.springframework.security.test.context.support.WithSecurityContextTestExecutionListener@323e8306, org.springframework.test.context.event.EventPublishingTestExecutionListener@a23a01d, org.springframework.security.test.context.support.ReactorContextTestExecutionListener@4acf72b6, org.springframework.boot.test.autoconfigure.restdocs.RestDocsTestExecutionListener@7561db12, org.springframework.boot.test.autoconfigure.web.client.MockRestServiceServerResetTestExecutionListener@3301500b, org.springframework.boot.test.autoconfigure.web.servlet.MockMvcPrintOnlyOnFailureTestExecutionListener@24b52d3e, org.springframework.boot.test.autoconfigure.web.servlet.WebDriverTestExecutionListener@15deb1dc, org.springframework.boot.test.autoconfigure.webservices.client.MockWebServiceServerTestExecutionListener@6e9c413e, org.springframework.boot.test.mock.mockito.ResetMocksTestExecutionListener@57a4d5ee]
16:45:00.438 [Test worker] DEBUG org.springframework.test.context.support.AbstractDirtiesContextTestExecutionListener - Before test class: context [DefaultTestContext@6a1ebcff testClass = OrderServiceTest, testInstance = [null], testMethod = [null], testException = [null], mergedContextConfiguration = [WebMergedContextConfiguration@19868320 testClass = OrderServiceTest, locations = '{}', classes = '{class com.shop.ShopApplication}', contextInitializerClasses = '[]', activeProfiles = '{}', propertySourceLocations = '{classpath:application-test.properties}', propertySourceProperties = '{org.springframework.boot.test.context.SpringBootTestContextBootstrapper=true}', contextCustomizers = set[org.springframework.boot.test.autoconfigure.actuate.metrics.MetricsExportContextCustomizerFactory$DisableMetricExportContextCustomizer@4c4d27c8, org.springframework.boot.test.autoconfigure.properties.PropertyMappingContextCustomizer@0, org.springframework.boot.test.autoconfigure.web.servlet.WebDriverContextCustomizerFactory$Customizer@ed3068a, org.springframework.boot.test.context.filter.ExcludeFilterContextCustomizer@3b77a04f, org.springframework.boot.test.json.DuplicateJsonObjectContextCustomizerFactory$DuplicateJsonObjectContextCustomizer@60dce7ea, org.springframework.boot.test.mock.mockito.MockitoContextCustomizer@0, org.springframework.boot.test.web.client.TestRestTemplateContextCustomizer@f73dcd6, org.springframework.boot.test.context.SpringBootTestArgs@1, org.springframework.boot.test.context.SpringBootTestWebEnvironment@2205a05d], resourceBasePath = 'src/main/webapp', contextLoader = 'org.springframework.boot.test.context.SpringBootContextLoader', parent = [null]], attributes = map['org.springframework.test.context.web.ServletTestExecutionListener.activateListener' -> true]], class annotated with @DirtiesContext [false] with mode [null].
16:45:00.478 [Test worker] DEBUG org.springframework.test.context.support.TestPropertySourceUtils - Adding inlined properties to environment: {spring.jmx.enabled=false, org.springframework.boot.test.context.SpringBootTestContextBootstrapper=true}

  .   ____          _            __ _ _
 /\\ / ___'_ __ _ _(_)_ __  __ _ \ \ \ \
( ( )\___ | '_ | '_| | '_ \/ _` | \ \ \ \
 \\/  ___)| |_)| | | | | || (_| |  ) ) ) )
  '  |____| .__|_| |_|_| |_\__, | / / / /
 =========|_|==============|___/=/_/_/_/
 :: Spring Boot ::                (v2.5.5)

2021-10-23 16:45:00.781  INFO 19484 --- [    Test worker] com.shop.service.OrderServiceTest        : Starting OrderServiceTest using Java 11.0.12 on JungInBaek with PID 19484 (started by bji15 in C:\Users\bji15\IdeaProjects\shop)
2021-10-23 16:45:00.782  INFO 19484 --- [    Test worker] com.shop.service.OrderServiceTest        : The following profiles are active: datasource
2021-10-23 16:45:01.890  INFO 19484 --- [    Test worker] .s.d.r.c.RepositoryConfigurationDelegate : Bootstrapping Spring Data JPA repositories in DEFAULT mode.
2021-10-23 16:45:01.990  INFO 19484 --- [    Test worker] .s.d.r.c.RepositoryConfigurationDelegate : Finished Spring Data repository scanning in 93 ms. Found 6 JPA repository interfaces.
2021-10-23 16:45:02.667  INFO 19484 --- [    Test worker] o.hibernate.jpa.internal.util.LogHelper  : HHH000204: Processing PersistenceUnitInfo [name: default]
2021-10-23 16:45:02.742  INFO 19484 --- [    Test worker] org.hibernate.Version                    : HHH000412: Hibernate ORM core version 5.4.32.Final
2021-10-23 16:45:02.929  INFO 19484 --- [    Test worker] o.hibernate.annotations.common.Version   : HCANN000001: Hibernate Commons Annotations {5.1.2.Final}
2021-10-23 16:45:03.063  INFO 19484 --- [    Test worker] com.zaxxer.hikari.HikariDataSource       : HikariPool-1 - Starting...
2021-10-23 16:45:03.291  INFO 19484 --- [    Test worker] com.zaxxer.hikari.HikariDataSource       : HikariPool-1 - Start completed.
2021-10-23 16:45:03.315  INFO 19484 --- [    Test worker] org.hibernate.dialect.Dialect            : HHH000400: Using dialect: org.hibernate.dialect.H2Dialect
Hibernate: 
    
    drop table if exists cart CASCADE 
Hibernate: 
    
    drop table if exists cart_item CASCADE 
Hibernate: 
    
    drop table if exists item CASCADE 
Hibernate: 
    
    drop table if exists item_img CASCADE 
Hibernate: 
    
    drop table if exists member CASCADE 
Hibernate: 
    
    drop table if exists order_item CASCADE 
Hibernate: 
    
    drop table if exists orders CASCADE 
Hibernate: 
    
    drop sequence if exists hibernate_sequence
Hibernate: create sequence hibernate_sequence start with 1 increment by 1
Hibernate: 
    
    create table cart (
       cart_id bigint not null,
        reg_time timestamp,
        update_time timestamp,
        created_by varchar(255),
        modified_by varchar(255),
        member_id bigint,
        primary key (cart_id)
    )
Hibernate: 
    
    create table cart_item (
       cart_item_id bigint not null,
        reg_time timestamp,
        update_time timestamp,
        created_by varchar(255),
        modified_by varchar(255),
        count integer not null,
        cart_id bigint,
        item_id bigint,
        primary key (cart_item_id)
    )
Hibernate: 
    
    create table item (
       item_id bigint not null,
        reg_time timestamp,
        update_time timestamp,
        created_by varchar(255),
        modified_by varchar(255),
        item_detail clob not null,
        item_name varchar(50) not null,
        item_sell_status varchar(255),
        price integer not null,
        stock_number integer not null,
        primary key (item_id)
    )
Hibernate: 
    
    create table item_img (
       item_img_id bigint not null,
        reg_time timestamp,
        update_time timestamp,
        created_by varchar(255),
        modified_by varchar(255),
        img_name varchar(255),
        img_url varchar(255),
        ori_img_name varchar(255),
        rep_img_yn varchar(255),
        item_id bigint,
        primary key (item_img_id)
    )
Hibernate: 
    
    create table member (
       member_id bigint not null,
        reg_time timestamp,
        update_time timestamp,
        created_by varchar(255),
        modified_by varchar(255),
        address varchar(255),
        email varchar(255),
        name varchar(255),
        password varchar(255),
        role varchar(255),
        primary key (member_id)
    )
Hibernate: 
    
    create table order_item (
       order_item_id bigint not null,
        reg_time timestamp,
        update_time timestamp,
        created_by varchar(255),
        modified_by varchar(255),
        count integer not null,
        order_price integer not null,
        item_id bigint,
        order_id bigint,
        primary key (order_item_id)
    )
Hibernate: 
    
    create table orders (
       order_id bigint not null,
        reg_time timestamp,
        update_time timestamp,
        created_by varchar(255),
        modified_by varchar(255),
        order_date timestamp,
        order_status varchar(255),
        member_id bigint,
        primary key (order_id)
    )
Hibernate: 
    
    alter table member 
       add constraint UK_mbmcqelty0fbrvxp1q58dn57t unique (email)
Hibernate: 
    
    alter table cart 
       add constraint FKix170nytunweovf2v9137mx2o 
       foreign key (member_id) 
       references member
Hibernate: 
    
    alter table cart_item 
       add constraint FK1uobyhgl1wvgt1jpccia8xxs3 
       foreign key (cart_id) 
       references cart
Hibernate: 
    
    alter table cart_item 
       add constraint FKdljf497fwm1f8eb1h8t6n50u9 
       foreign key (item_id) 
       references item
Hibernate: 
    
    alter table item_img 
       add constraint FKdd5u08y3ap4c46ayrqjf8g88m 
       foreign key (item_id) 
       references item
Hibernate: 
    
    alter table order_item 
       add constraint FKija6hjjiit8dprnmvtvgdp6ru 
       foreign key (item_id) 
       references item
Hibernate: 
    
    alter table order_item 
       add constraint FKt4dc2r9nbvbujrljv3e23iibt 
       foreign key (order_id) 
       references orders
Hibernate: 
    
    alter table orders 
       add constraint FKpktxwhj3x9m4gth5ff6bkqgeb 
       foreign key (member_id) 
       references member
2021-10-23 16:45:04.326  INFO 19484 --- [    Test worker] o.h.e.t.j.p.i.JtaPlatformInitiator       : HHH000490: Using JtaPlatform implementation: [org.hibernate.engine.transaction.jta.platform.internal.NoJtaPlatform]
2021-10-23 16:45:04.353  INFO 19484 --- [    Test worker] j.LocalContainerEntityManagerFactoryBean : Initialized JPA EntityManagerFactory for persistence unit 'default'
2021-10-23 16:45:04.457  WARN 19484 --- [    Test worker] JpaBaseConfiguration$JpaWebConfiguration : spring.jpa.open-in-view is enabled by default. Therefore, database queries may be performed during view rendering. Explicitly configure spring.jpa.open-in-view to disable this warning
2021-10-23 16:45:05.588  INFO 19484 --- [    Test worker] o.s.b.a.h2.H2ConsoleAutoConfiguration    : H2 console available at '/h2-console'. Database available at 'jdbc:h2:mem:test'
2021-10-23 16:45:05.879  INFO 19484 --- [    Test worker] o.s.s.web.DefaultSecurityFilterChain     : Will secure Ant [pattern='/css/**'] with []
2021-10-23 16:45:05.880  INFO 19484 --- [    Test worker] o.s.s.web.DefaultSecurityFilterChain     : Will secure Ant [pattern='/js/**'] with []
2021-10-23 16:45:05.880  INFO 19484 --- [    Test worker] o.s.s.web.DefaultSecurityFilterChain     : Will secure Ant [pattern='/img/**'] with []
2021-10-23 16:45:06.006  INFO 19484 --- [    Test worker] o.s.s.web.DefaultSecurityFilterChain     : Will secure any request with [org.springframework.security.web.context.request.async.WebAsyncManagerIntegrationFilter@7b23aea2, org.springframework.security.web.context.SecurityContextPersistenceFilter@493ed8e6, org.springframework.security.web.header.HeaderWriterFilter@7104b117, org.springframework.security.web.csrf.CsrfFilter@157a2c86, org.springframework.security.web.authentication.logout.LogoutFilter@232899d1, org.springframework.security.web.authentication.UsernamePasswordAuthenticationFilter@58397dd, org.springframework.security.web.savedrequest.RequestCacheAwareFilter@7fecc26f, org.springframework.security.web.servletapi.SecurityContextHolderAwareRequestFilter@318353, org.springframework.security.web.authentication.AnonymousAuthenticationFilter@3fecdd00, org.springframework.security.web.session.SessionManagementFilter@421c057a, org.springframework.security.web.access.ExceptionTranslationFilter@36995784, org.springframework.security.web.access.intercept.FilterSecurityInterceptor@26edfa34]
2021-10-23 16:45:06.799  INFO 19484 --- [    Test worker] com.shop.service.OrderServiceTest        : Started OrderServiceTest in 6.313 seconds (JVM running for 7.661)
2021-10-23 16:45:06.832  INFO 19484 --- [    Test worker] o.s.t.c.transaction.TransactionContext   : Began transaction (1) for test context [DefaultTestContext@6a1ebcff testClass = OrderServiceTest, testInstance = com.shop.service.OrderServiceTest@57596d71, testMethod = order@OrderServiceTest, testException = [null], mergedContextConfiguration = [WebMergedContextConfiguration@19868320 testClass = OrderServiceTest, locations = '{}', classes = '{class com.shop.ShopApplication}', contextInitializerClasses = '[]', activeProfiles = '{}', propertySourceLocations = '{classpath:application-test.properties}', propertySourceProperties = '{org.springframework.boot.test.context.SpringBootTestContextBootstrapper=true}', contextCustomizers = set[org.springframework.boot.test.autoconfigure.actuate.metrics.MetricsExportContextCustomizerFactory$DisableMetricExportContextCustomizer@4c4d27c8, org.springframework.boot.test.autoconfigure.properties.PropertyMappingContextCustomizer@0, org.springframework.boot.test.autoconfigure.web.servlet.WebDriverContextCustomizerFactory$Customizer@ed3068a, org.springframework.boot.test.context.filter.ExcludeFilterContextCustomizer@3b77a04f, org.springframework.boot.test.json.DuplicateJsonObjectContextCustomizerFactory$DuplicateJsonObjectContextCustomizer@60dce7ea, org.springframework.boot.test.mock.mockito.MockitoContextCustomizer@0, org.springframework.boot.test.web.client.TestRestTemplateContextCustomizer@f73dcd6, org.springframework.boot.test.context.SpringBootTestArgs@1, org.springframework.boot.test.context.SpringBootTestWebEnvironment@2205a05d], resourceBasePath = 'src/main/webapp', contextLoader = 'org.springframework.boot.test.context.SpringBootContextLoader', parent = [null]], attributes = map['org.springframework.test.context.web.ServletTestExecutionListener.activateListener' -> true, 'org.springframework.test.context.web.ServletTestExecutionListener.populatedRequestContextHolder' -> true, 'org.springframework.test.context.web.ServletTestExecutionListener.resetRequestContextHolder' -> true, 'org.springframework.test.context.event.ApplicationEventsTestExecutionListener.recordApplicationEvents' -> false]]; transaction manager [org.springframework.orm.jpa.JpaTransactionManager@52811dc1]; rollback [true]
Hibernate: 
    call next value for hibernate_sequence
Hibernate: 
    call next value for hibernate_sequence
Hibernate: 
    insert 
    into
        item
        (reg_time, update_time, created_by, modified_by, item_detail, item_name, item_sell_status, price, stock_number, item_id) 
    values
        (?, ?, ?, ?, ?, ?, ?, ?, ?, ?)
2021-10-23 16:45:07.063 TRACE 19484 --- [    Test worker] o.h.type.descriptor.sql.BasicBinder      : binding parameter [1] as [TIMESTAMP] - [2021-10-23T16:45:06.983058800]
2021-10-23 16:45:07.068 TRACE 19484 --- [    Test worker] o.h.type.descriptor.sql.BasicBinder      : binding parameter [2] as [TIMESTAMP] - [2021-10-23T16:45:06.983058800]
2021-10-23 16:45:07.069 TRACE 19484 --- [    Test worker] o.h.type.descriptor.sql.BasicBinder      : binding parameter [3] as [VARCHAR] - []
2021-10-23 16:45:07.069 TRACE 19484 --- [    Test worker] o.h.type.descriptor.sql.BasicBinder      : binding parameter [4] as [VARCHAR] - []
2021-10-23 16:45:07.069 TRACE 19484 --- [    Test worker] o.h.type.descriptor.sql.BasicBinder      : binding parameter [5] as [CLOB] - [테스트 상품 상세 설명]
2021-10-23 16:45:07.072 TRACE 19484 --- [    Test worker] o.h.type.descriptor.sql.BasicBinder      : binding parameter [6] as [VARCHAR] - [테스트 상품]
2021-10-23 16:45:07.072 TRACE 19484 --- [    Test worker] o.h.type.descriptor.sql.BasicBinder      : binding parameter [7] as [VARCHAR] - [SELL]
2021-10-23 16:45:07.073 TRACE 19484 --- [    Test worker] o.h.type.descriptor.sql.BasicBinder      : binding parameter [8] as [INTEGER] - [10000]
2021-10-23 16:45:07.073 TRACE 19484 --- [    Test worker] o.h.type.descriptor.sql.BasicBinder      : binding parameter [9] as [INTEGER] - [100]
2021-10-23 16:45:07.074 TRACE 19484 --- [    Test worker] o.h.type.descriptor.sql.BasicBinder      : binding parameter [10] as [BIGINT] - [1]
Hibernate: 
    insert 
    into
        member
        (reg_time, update_time, created_by, modified_by, address, email, name, password, role, member_id) 
    values
        (?, ?, ?, ?, ?, ?, ?, ?, ?, ?)
2021-10-23 16:45:07.077 TRACE 19484 --- [    Test worker] o.h.type.descriptor.sql.BasicBinder      : binding parameter [1] as [TIMESTAMP] - [2021-10-23T16:45:07.016088800]
2021-10-23 16:45:07.078 TRACE 19484 --- [    Test worker] o.h.type.descriptor.sql.BasicBinder      : binding parameter [2] as [TIMESTAMP] - [2021-10-23T16:45:07.016088800]
2021-10-23 16:45:07.078 TRACE 19484 --- [    Test worker] o.h.type.descriptor.sql.BasicBinder      : binding parameter [3] as [VARCHAR] - []
2021-10-23 16:45:07.078 TRACE 19484 --- [    Test worker] o.h.type.descriptor.sql.BasicBinder      : binding parameter [4] as [VARCHAR] - []
2021-10-23 16:45:07.078 TRACE 19484 --- [    Test worker] o.h.type.descriptor.sql.BasicBinder      : binding parameter [5] as [VARCHAR] - [null]
2021-10-23 16:45:07.078 TRACE 19484 --- [    Test worker] o.h.type.descriptor.sql.BasicBinder      : binding parameter [6] as [VARCHAR] - [test@test.com]
2021-10-23 16:45:07.078 TRACE 19484 --- [    Test worker] o.h.type.descriptor.sql.BasicBinder      : binding parameter [7] as [VARCHAR] - [null]
2021-10-23 16:45:07.078 TRACE 19484 --- [    Test worker] o.h.type.descriptor.sql.BasicBinder      : binding parameter [8] as [VARCHAR] - [null]
2021-10-23 16:45:07.078 TRACE 19484 --- [    Test worker] o.h.type.descriptor.sql.BasicBinder      : binding parameter [9] as [VARCHAR] - [null]
2021-10-23 16:45:07.079 TRACE 19484 --- [    Test worker] o.h.type.descriptor.sql.BasicBinder      : binding parameter [10] as [BIGINT] - [2]
Hibernate: 
    select
        member0_.member_id as member_i1_4_,
        member0_.reg_time as reg_time2_4_,
        member0_.update_time as update_t3_4_,
        member0_.created_by as created_4_4_,
        member0_.modified_by as modified5_4_,
        member0_.address as address6_4_,
        member0_.email as email7_4_,
        member0_.name as name8_4_,
        member0_.password as password9_4_,
        member0_.role as role10_4_ 
    from
        member member0_ 
    where
        member0_.email=?
2021-10-23 16:45:07.085 TRACE 19484 --- [    Test worker] o.h.type.descriptor.sql.BasicBinder      : binding parameter [1] as [VARCHAR] - [test@test.com]
2021-10-23 16:45:07.087 TRACE 19484 --- [    Test worker] o.h.type.descriptor.sql.BasicExtractor   : extracted value ([member_i1_4_] : [BIGINT]) - [2]
Hibernate: 
    call next value for hibernate_sequence
Hibernate: 
    call next value for hibernate_sequence
2021-10-23 16:45:07.135  INFO 19484 --- [    Test worker] o.s.t.c.transaction.TransactionContext   : Rolled back transaction for test: [DefaultTestContext@6a1ebcff testClass = OrderServiceTest, testInstance = com.shop.service.OrderServiceTest@57596d71, testMethod = order@OrderServiceTest, testException = [null], mergedContextConfiguration = [WebMergedContextConfiguration@19868320 testClass = OrderServiceTest, locations = '{}', classes = '{class com.shop.ShopApplication}', contextInitializerClasses = '[]', activeProfiles = '{}', propertySourceLocations = '{classpath:application-test.properties}', propertySourceProperties = '{org.springframework.boot.test.context.SpringBootTestContextBootstrapper=true}', contextCustomizers = set[org.springframework.boot.test.autoconfigure.actuate.metrics.MetricsExportContextCustomizerFactory$DisableMetricExportContextCustomizer@4c4d27c8, org.springframework.boot.test.autoconfigure.properties.PropertyMappingContextCustomizer@0, org.springframework.boot.test.autoconfigure.web.servlet.WebDriverContextCustomizerFactory$Customizer@ed3068a, org.springframework.boot.test.context.filter.ExcludeFilterContextCustomizer@3b77a04f, org.springframework.boot.test.json.DuplicateJsonObjectContextCustomizerFactory$DuplicateJsonObjectContextCustomizer@60dce7ea, org.springframework.boot.test.mock.mockito.MockitoContextCustomizer@0, org.springframework.boot.test.web.client.TestRestTemplateContextCustomizer@f73dcd6, org.springframework.boot.test.context.SpringBootTestArgs@1, org.springframework.boot.test.context.SpringBootTestWebEnvironment@2205a05d], resourceBasePath = 'src/main/webapp', contextLoader = 'org.springframework.boot.test.context.SpringBootContextLoader', parent = [null]], attributes = map['org.springframework.test.context.web.ServletTestExecutionListener.activateListener' -> true, 'org.springframework.test.context.web.ServletTestExecutionListener.populatedRequestContextHolder' -> true, 'org.springframework.test.context.web.ServletTestExecutionListener.resetRequestContextHolder' -> true, 'org.springframework.test.context.event.ApplicationEventsTestExecutionListener.recordApplicationEvents' -> false]]
]]></system-out>
  <system-err><![CDATA[]]></system-err>
</testsuite>
